#
# A fatal error has been detected by the Java Runtime Environment:
#
#  EXCEPTION_ACCESS_VIOLATION (0xc0000005) at pc=0x0000028be6166624, pid=4708, tid=25124
#
# JRE version: OpenJDK Runtime Environment Temurin-21.0.6+7 (21.0.6+7) (build 21.0.6+7-LTS)
# Java VM: OpenJDK 64-Bit Server VM Temurin-21.0.6+7 (21.0.6+7-LTS, mixed mode, sharing, tiered, compressed oops, compressed class ptrs, g1 gc, windows-amd64)
# Problematic frame:
# v  ~BufferBlob::MethodHandles adapters 0x0000028be6166624
#
# No core dump will be written. Minidumps are not enabled by default on client versions of Windows
#
# If you would like to submit a bug report, please visit:
#   https://github.com/adoptium/adoptium-support/issues
#

---------------  S U M M A R Y ------------

Command Line: -XX:+ShowCodeDetailsInExceptionMessages -agentlib:jdwp=transport=dt_socket,suspend=y,address=localhost:63230 -javaagent:C:\Program Files\sts-4.30.0.RELEASE\configuration\org.eclipse.osgi\270\0\.cp\lib\javaagent-shaded.jar -Dfile.encoding=UTF-8 -Dstdout.encoding=UTF-8 -Dstderr.encoding=UTF-8 com.kandarp.salon.SalonServiceApplication

Host: Intel(R) Core(TM) Ultra 9 185H, 22 cores, 63G,  Windows 11 , 64 bit Build 26100 (10.0.26100.3775)
Time: Wed May  7 15:42:57 2025 India Standard Time elapsed time: 513.760134 seconds (0d 0h 8m 33s)

---------------  T H R E A D  ---------------

Current thread (0x0000028c06562860):  JavaThread "http-nio-8083-exec-4" daemon [_thread_in_Java, id=25124, stack(0x000000c94de00000,0x000000c94df00000) (1024K)]

Stack: [0x000000c94de00000,0x000000c94df00000],  sp=0x000000c94defaac8,  free space=1002k
Native frames: (J=compiled Java code, j=interpreted, Vv=VM code, C=native code)
C  0x0000028be6166624

The last pc belongs to _linkToVirtual (printed below).

siginfo: EXCEPTION_ACCESS_VIOLATION (0xc0000005), reading address 0xffffffffffffffff


Registers:
RAX=0x0000028be61196b9, RBX=0x00000004204561e8, RCX=0x000000c94defaad8, RDX=0x0000000000000003
RSP=0x000000c94defaac8, RBP=0x000000c94defab20, RSI=0x0000028bfa573cf8, RDI=0x0000028bd6fb90a0
R8 =0x0000000000000004, R9 =0x0000000000000004, R10=0x0000028c629e0673, R11=0x8408addb8408ad17
R12=0x0000000000000000, R13=0x000000c94defaac8, R14=0x000000c94defab48, R15=0x0000028c06562860
RIP=0x0000028be6166624, EFLAGS=0x0000000000010202

XMM[0]=0x0000000000000000 0x0000000000000000
XMM[1]=0x0000000000000000 0x0000000000000000
XMM[2]=0x0000000000000000 0x0000000000000000
XMM[3]=0x0000000000000000 0x0000000000000000
XMM[4]=0x0000000000000000 0x0000000000000000
XMM[5]=0x0000000000000000 0x0000000000000000
XMM[6]=0x0000000000000000 0x0000000083eef365
XMM[7]=0x0000000000000000 0x0000000000000052
XMM[8]=0x0000000000000000 0x0000028b9145ce88
XMM[9]=0x0000000000000000 0x00000000019ff658
XMM[10]=0x0000000000000000 0x00000000ec043a5b
XMM[11]=0x0000000000000000 0x4f4f4a1f2fb43017
XMM[12]=0x0000000000000000 0x00000000e064e5f8
XMM[13]=0x0000000000000000 0x0000000000000000
XMM[14]=0x0000000000000000 0x0000000000000000
XMM[15]=0x0000000000000000 0x0000000000000000
  MXCSR=0x00001fa0


Register to memory mapping:

RAX=0x0000028be61196b9 is at code_begin+4665 in an Interpreter codelet
return entry points  [0x0000028be6118480, 0x0000028be611a590]  8464 bytes
RBX=0x00000004204561e8 is an oop: com.kandarp.salon.shared.user.dto.UserCreationDto 
{0x00000004204561e8} - klass: 'com/kandarp/salon/shared/user/dto/UserCreationDto'
 - ---- fields (total size 5 words):
 - private 'firstName' 'Ljava/lang/String;' @12  "krishna"{0x0000000420456210} (0x8408ac42)
 - private 'lastName' 'Ljava/lang/String;' @16  "Kalavadia"{0x00000004204568b8} (0x8408ad17)
 - private 'userName' 'Ljava/lang/String;' @20  "fgggg.DFDSFGFDGF"{0x0000000420456ed8} (0x8408addb)
 - private 'email' 'Ljava/lang/String;' @24  "fgfgmfdg@fdgail.com"{0x00000004204574f8} (0x8408ae9f)
 - private 'password' 'Ljava/lang/String;' @28  "test"{0x0000000420457b20} (0x8408af64)
 - private 'gender' 'Lcom/kandarp/salon/shared/user/constant/Gender;' @32  a 'com/kandarp/salon/shared/user/constant/Gender'{0x0000000420450c30} (0x8408a186)
RCX=0x000000c94defaad8 is pointing into the stack for thread: 0x0000028c06562860
RDX=0x0000000000000003 is an unknown value
RSP=0x000000c94defaac8 is pointing into the stack for thread: 0x0000028c06562860
RBP=0x000000c94defab20 is pointing into the stack for thread: 0x0000028c06562860
RSI=0x0000028bfa573cf8 points into unknown readable memory: 0x8800188bc6d259c9 | c9 59 d2 c6 8b 18 00 88
RDI=0x0000028bd6fb90a0 points into unknown readable memory: 0x0000002000000070 | 70 00 00 00 20 00 00 00
R8 =0x0000000000000004 is an unknown value
R9 =0x0000000000000004 is an unknown value
R10=0x0000028c629e0673 is an unknown value
R11=0x8408addb8408ad17 is an unknown value
R12=0x0 is null
R13=0x000000c94defaac8 is pointing into the stack for thread: 0x0000028c06562860
R14=0x000000c94defab48 is pointing into the stack for thread: 0x0000028c06562860
R15=0x0000028c06562860 is a thread

Top of Stack: (sp=0x000000c94defaac8)
0x000000c94defaac8:   0000028be61196b9 00000004130069d8
0x000000c94defaad8:   000000c94defaad8 0000028bd29e0673
0x000000c94defaae8:   0000000000000005 0000028bd29e0800
0x000000c94defaaf8:   0000028bd29e0a98 000000040a0634c0
0x000000c94defab08:   0000028bd29e0680 000000c94defaac8
0x000000c94defab18:   000000c94defab50 0000000420459f38
0x000000c94defab28:   0000028bdf88b00f 0000000420459ab0
0x000000c94defab38:   00000004204561e8 00000004130069d8
0x000000c94defab48:   0000000420459c28 000000040a3aa510
0x000000c94defab58:   0000028be68819a9 0000028c095ae188
0x000000c94defab68:   0000028b90043cd0 0000000420459f38
0x000000c94defab78:   00000004130069d8 0000000420459ee8
0x000000c94defab88:   00000004204561e8 00000004204561e8
0x000000c94defab98:   0000000420459df0 0000000420459c28
0x000000c94defaba8:   00000004130069d8 0000028bdf88aea4
0x000000c94defabb8:   00000004204561e8 0000000420459f38
0x000000c94defabc8:   0000028be71f5bcf 0000028c095a6a9f
0x000000c94defabd8:   000000000000000a 0000028c095b0068
0x000000c94defabe8:   0000000000000000 000000040c823eb8
0x000000c94defabf8:   000000040aacc038 0000000000000000
0x000000c94defac08:   0000000420437ef8 0000000420459f68
0x000000c94defac18:   000000018270b3d0 0000000413859e80
0x000000c94defac28:   0000000413fd3a58 000000040c823eb8
0x000000c94defac38:   0000000413859e80 0000000400000000
0x000000c94defac48:   0000000413859e80 00000004130069d8
0x000000c94defac58:   0000000420437ef8 000000048408ac3d
0x000000c94defac68:   000000c94defac68 0000028c0957ff4f
0x000000c94defac78:   0000000413859820 0000028c812da2ac
0x000000c94defac88:   0000000420437ef8 000000040c821a88
0x000000c94defac98:   0000028c0957d000 00000004130069d8
0x000000c94defaca8:   000000c94defaca8 0000028c092e05c8
0x000000c94defacb8:   0000000000000002 0000028c092e65e0 

Instructions: (pc=0x0000028be6166624)
0x0000028be6166524:   8b 02 00 00 80 65 16 e6 8b 02 00 00 00 76 16 e6
0x0000028be6166534:   8b 02 00 00 70 65 16 e6 8b 02 00 00 70 65 16 e6
0x0000028be6166544:   8b 02 00 00 00 00 00 00 00 00 00 00 38 87 a6 cc
0x0000028be6166554:   fa 7f 00 00 f0 10 00 00 60 00 00 00 ff ff ff ff
0x0000028be6166564:   f0 10 00 00 00 00 00 00 00 00 00 00 00 00 00 00
0x0000028be6166574:   00 00 00 00 00 00 00 00 00 00 00 00 f4 66 66 66
0x0000028be6166584:   0f 1f 84 00 00 00 00 00 66 66 66 90 66 66 66 0f
0x0000028be6166594:   1f 84 00 00 00 00 00 66 66 66 90 90 48 8b 53 08
0x0000028be61665a4:   0f b7 52 2e 48 8b 0c d4 8b 59 14 48 c1 e3 03 8b
0x0000028be61665b4:   5b 28 48 c1 e3 03 8b 5b 24 48 c1 e3 03 48 8b 5b
0x0000028be61665c4:   10 48 85 db 0f 84 10 00 00 00 41 80 bf d8 05 00
0x0000028be61665d4:   00 00 74 03 ff 63 38 ff 63 50 e9 1d c0 fd ff 66
0x0000028be61665e4:   66 66 0f 1f 84 00 00 00 00 00 66 66 66 90 66 66
0x0000028be61665f4:   0f 1f 84 00 00 00 00 00 66 66 66 90 48 8b 53 08
0x0000028be6166604:   0f b7 52 2e 48 8b 0c d4 58 5b 50 44 8b 51 08 49
0x0000028be6166614:   bb 00 00 00 90 8b 02 00 00 4d 03 d3 4c 8b 5b 10
0x0000028be6166624:   4b 8b 9c da c0 01 00 00 48 85 db 0f 84 10 00 00
0x0000028be6166634:   00 41 80 bf d8 05 00 00 00 74 03 ff 63 38 ff 63
0x0000028be6166644:   50 e9 b6 bf fd ff 66 66 66 0f 1f 84 00 00 00 00
0x0000028be6166654:   00 66 66 66 90 0f 1f 80 00 00 00 00 58 5b 50 8b
0x0000028be6166664:   5b 24 48 c1 e3 03 48 8b 5b 10 48 85 db 0f 84 10
0x0000028be6166674:   00 00 00 41 80 bf d8 05 00 00 00 74 03 ff 63 38
0x0000028be6166684:   ff 63 50 e9 74 bf fd ff 66 66 66 0f 1f 84 00 00
0x0000028be6166694:   00 00 00 66 66 66 90 0f 1f 44 00 00 48 8b 53 08
0x0000028be61666a4:   0f b7 52 2e 48 8b 0c d4 58 5b 50 48 3b 01 8b 5b
0x0000028be61666b4:   24 48 c1 e3 03 48 8b 5b 10 48 85 db 0f 84 10 00
0x0000028be61666c4:   00 00 41 80 bf d8 05 00 00 00 74 03 ff 63 38 ff
0x0000028be61666d4:   63 50 e9 25 bf fd ff 0f 1f 44 00 00 48 8b 53 08
0x0000028be61666e4:   0f b7 52 2e 48 8b 0c d4 58 5b 50 44 8b 51 08 49
0x0000028be61666f4:   bb 00 00 00 90 8b 02 00 00 4d 03 d3 8b 43 18 48
0x0000028be6166704:   c1 e0 03 48 8b 40 10 48 8b 5b 10 45 8b 9a a0 00
0x0000028be6166714:   00 00 4f 8d 9c da c0 01 00 00 4d 8d 14 da 49 8b 


Stack slot to memory mapping:

stack at sp + 0 slots: 0x0000028be61196b9 is at code_begin+4665 in an Interpreter codelet
return entry points  [0x0000028be6118480, 0x0000028be611a590]  8464 bytes
stack at sp + 1 slots: 0x00000004130069d8 is an oop: com.kandarp.salon.controller.SalonAuthController 
{0x00000004130069d8} - klass: 'com/kandarp/salon/controller/SalonAuthController'
 - ---- fields (total size 2 words):
 - private final 'userServiceClient' 'Lcom/kandarp/salon/service/client/UserServiceClient;' @12  a 'jdk/proxy8/$Proxy223'{0x0000000413f34278} (0x827e684f)
stack at sp + 2 slots: 0x000000c94defaad8 is pointing into the stack for thread: 0x0000028c06562860
stack at sp + 3 slots: 0x0000028bd29e0673 is pointing into metadata
stack at sp + 4 slots: 0x0000000000000005 is an unknown value
stack at sp + 5 slots: 0x0000028bd29e0800 is pointing into metadata
stack at sp + 6 slots: 0x0000028bd29e0a98 is pointing into metadata
stack at sp + 7 slots: 0x000000040a0634c0 is an oop: java.lang.Class 
{0x000000040a0634c0} - klass: 'java/lang/Class'
 - ---- fields (total size 15 words):
 - private volatile transient 'classRedefinedCount' 'I' @12  0 (0x00000000)
 - injected 'klass' 'J' @16  2798457831424 (0x0000028b9115c000)
 - injected 'array_klass' 'J' @24  0 (0x0000000000000000)
 - injected 'oop_size' 'I' @32  15 (0x0000000f)
 - injected 'static_oop_field_count' 'I' @36  1 (0x00000001)
 - private volatile transient 'cachedConstructor' 'Ljava/lang/reflect/Constructor;' @40  null (0x00000000)
 - private transient 'name' 'Ljava/lang/String;' @44  null (0x00000000)
 - private transient 'module' 'Ljava/lang/Module;' @48  a 'java/lang/Module'{0x00000004096d7f38} (0x812dafe7)
 - private final 'classLoader' 'Ljava/lang/ClassLoader;' @52  null (0x00000000)
 - private transient 'classData' 'Ljava/lang/Object;' @56  a 'java/lang/invoke/LambdaForm'{0x000000040a063360} => a 'java/lang/invoke/MemberName'{0x000000040a063490} = {method} {0x0000028bd29e0688} 'invokeVirtual' '(Ljava/lang/Object;Ljava/lang/Object;Ljava/lang/Object;)Ljava/lang/Object;' in 'java/lang/invoke/LambdaForm$DMH+0x0000028b9115c000' (0x8140c66c)
 - private transient 'packageName' 'Ljava/lang/String;' @60  null (0x00000000)
 - private final 'componentType' 'Ljava/lang/Class;' @64  null (0x00000000)
 - private volatile transient 'reflectionData' 'Ljava/lang/ref/SoftReference;' @68  null (0x00000000)
 - private volatile transient 'genericInfo' 'Lsun/reflect/generics/repository/ClassRepository;' @72  null (0x00000000)
 - private volatile transient 'enumConstants' '[Ljava/lang/Object;' @76  null (0x00000000)
 - private volatile transient 'enumConstantDirectory' 'Ljava/util/Map;' @80  null (0x00000000)
 - private volatile transient 'annotationData' 'Ljava/lang/Class$AnnotationData;' @84  null (0x00000000)
 - private volatile transient 'annotationType' 'Lsun/reflect/annotation/AnnotationType;' @88  null (0x00000000)
 - transient 'classValueMap' 'Ljava/lang/ClassValue$ClassValueMap;' @92  null (0x00000000)
 - injected 'protection_domain' 'Ljava/lang/Object;' @96  null (0x00000000)
 - injected 'signers_name' 'Ljava/lang/Object;' @100  null (0x00000000)
 - injected 'source_file' 'Ljava/lang/Object;' @104  null (0x00000000)
 - injected '<init_lock>' 'Ljava/lang/Object;' @108  null (0x00000000)
 - signature: Ljava/lang/invoke/LambdaForm$DMH+0x0000028b9115c000;
 - ---- static fields (1):
 - static final '_D_0' 'Ljava/lang/invoke/LambdaForm;' @112  a 'java/lang/invoke/LambdaForm'{0x000000040a063360} => a 'java/lang/invoke/MemberName'{0x000000040a063490} = {method} {0x0000028bd29e0688} 'invokeVirtual' '(Ljava/lang/Object;Ljava/lang/Object;Ljava/lang/Object;)Ljava/lang/Object;' in 'java/lang/invoke/LambdaForm$DMH+0x0000028b9115c000' (0x8140c66c)

MethodHandle::interpreter_entry::_linkToVirtual [0x0000028be61665e3, 0x0000028be616664a] (103 bytes)
[MachCode]
  0x0000028be61665e3: 6666 660f | 1f84 0000 | 0000 0066 | 6666 9066 | 660f 1f84 | 0000 0000 | 0066 6666 | 9048 8b53 
  0x0000028be6166603: 080f b752 | 2e48 8b0c | d458 5b50 | 448b 5108 | 49bb 0000 | 0090 8b02 | 0000 4d03 | d34c 8b5b 
  0x0000028be6166623: 104b 8b9c | dac0 0100 | 0048 85db | 0f84 1000 | 0000 4180 | bfd8 0500 | 0000 7403 | ff63 38ff 
  0x0000028be6166643: 6350 e9b6 | 
[/MachCode]

---------------  P R O C E S S  ---------------

Threads class SMR info:
_java_thread_list=0x0000028bf79d19b0, length=57, elements={
0x0000028beea52990, 0x0000028beea534e0, 0x0000028beea58060, 0x0000028beea58e10,
0x0000028beea67390, 0x0000028beea69df0, 0x0000028beea6bf90, 0x0000028bd10ecfb0,
0x0000028bd132d840, 0x0000028bd139a800, 0x0000028bd13a15d0, 0x0000028bd1391080,
0x0000028bd149bd40, 0x0000028bfe07cb00, 0x0000028bfe07f8f0, 0x0000028c01f4f260,
0x0000028c01f4ff80, 0x0000028c01f50ca0, 0x0000028bf6501d30, 0x0000028bf64ff5d0,
0x0000028bf65023c0, 0x0000028bf6502a50, 0x0000028c06564930, 0x0000028c06563580,
0x0000028c065614b0, 0x0000028c065642a0, 0x0000028c06561b40, 0x0000028c06563c10,
0x0000028c06562ef0, 0x0000028c06565650, 0x0000028c06565ce0, 0x0000028c06562860,
0x0000028c06567090, 0x0000028c06567720, 0x0000028c06566370, 0x0000028c06568ad0,
0x0000028c06567db0, 0x0000028c06568440, 0x0000028bfe07b750, 0x0000028bfe07b0c0,
0x0000028bfe07bde0, 0x0000028bfe07c470, 0x0000028bfe07d190, 0x0000028bfe07d820,
0x0000028bfe07a3a0, 0x0000028bfe07ff80, 0x0000028bfe07f260, 0x0000028bfe081330,
0x0000028bfe080610, 0x0000028bfe07deb0, 0x0000028bfe07ebd0, 0x0000028c01f49d10,
0x0000028c01f4aa30, 0x0000028c01f4b0c0, 0x0000028c01f4b750, 0x0000028c01f4cb00,
0x0000028c01f4d820
}

Java Threads: ( => current thread )
  0x0000028beea52990 JavaThread "Reference Handler"          daemon [_thread_blocked, id=25676, stack(0x000000c94aa00000,0x000000c94ab00000) (1024K)]
  0x0000028beea534e0 JavaThread "Finalizer"                  daemon [_thread_blocked, id=7056, stack(0x000000c94ab00000,0x000000c94ac00000) (1024K)]
  0x0000028beea58060 JavaThread "Signal Dispatcher"          daemon [_thread_blocked, id=10448, stack(0x000000c94ac00000,0x000000c94ad00000) (1024K)]
  0x0000028beea58e10 JavaThread "Attach Listener"            daemon [_thread_blocked, id=25372, stack(0x000000c94ad00000,0x000000c94ae00000) (1024K)]
  0x0000028beea67390 JavaThread "Service Thread"             daemon [_thread_blocked, id=13236, stack(0x000000c94ae00000,0x000000c94af00000) (1024K)]
  0x0000028beea69df0 JavaThread "Monitor Deflation Thread"   daemon [_thread_blocked, id=19684, stack(0x000000c94af00000,0x000000c94b000000) (1024K)]
  0x0000028beea6bf90 JavaThread "C2 CompilerThread0"         daemon [_thread_blocked, id=4316, stack(0x000000c94b000000,0x000000c94b100000) (1024K)]
  0x0000028bd10ecfb0 JavaThread "C1 CompilerThread0"         daemon [_thread_blocked, id=2124, stack(0x000000c94b100000,0x000000c94b200000) (1024K)]
  0x0000028bd132d840 JavaThread "Common-Cleaner"             daemon [_thread_blocked, id=6584, stack(0x000000c94b300000,0x000000c94b400000) (1024K)]
  0x0000028bd139a800 JavaThread "JDWP Transport Listener: dt_socket" daemon [_thread_blocked, id=16796, stack(0x000000c94b500000,0x000000c94b600000) (1024K)]
  0x0000028bd13a15d0 JavaThread "JDWP Event Helper Thread"   daemon [_thread_blocked, id=11216, stack(0x000000c94b600000,0x000000c94b700000) (1024K)]
  0x0000028bd1391080 JavaThread "JDWP Command Reader"        daemon [_thread_in_native, id=15064, stack(0x000000c94b700000,0x000000c94b800000) (1024K)]
  0x0000028bd149bd40 JavaThread "Notification Thread"        daemon [_thread_blocked, id=21436, stack(0x000000c94b900000,0x000000c94ba00000) (1024K)]
  0x0000028bfe07cb00 JavaThread "mysql-cj-abandoned-connection-cleanup" daemon [_thread_blocked, id=29636, stack(0x000000c94d800000,0x000000c94d900000) (1024K)]
  0x0000028bfe07f8f0 JavaThread "spectator-gauge-polling-0"  daemon [_thread_blocked, id=5212, stack(0x000000c94cc00000,0x000000c94cd00000) (1024K)]
  0x0000028c01f4f260 JavaThread "DestroyJavaVM"                     [_thread_blocked, id=13440, stack(0x000000c94a200000,0x000000c94a300000) (1024K)]
  0x0000028c01f4ff80 JavaThread "boundedElastic-evictor-1"   daemon [_thread_blocked, id=25628, stack(0x000000c949f00000,0x000000c94a000000) (1024K)]
  0x0000028c01f50ca0 JavaThread "pool-7-thread-1"            daemon [_thread_blocked, id=18032, stack(0x000000c94b200000,0x000000c94b300000) (1024K)]
  0x0000028bf6501d30 JavaThread "Catalina-utility-1"                [_thread_blocked, id=24524, stack(0x000000c94a100000,0x000000c94a200000) (1024K)]
  0x0000028bf64ff5d0 JavaThread "Catalina-utility-2"                [_thread_blocked, id=28212, stack(0x000000c94cd00000,0x000000c94ce00000) (1024K)]
  0x0000028bf65023c0 JavaThread "container-0"                       [_thread_blocked, id=24476, stack(0x000000c94ce00000,0x000000c94cf00000) (1024K)]
  0x0000028bf6502a50 JavaThread "HikariPool-5 housekeeper"   daemon [_thread_blocked, id=10080, stack(0x000000c94cf00000,0x000000c94d000000) (1024K)]
  0x0000028c06564930 JavaThread "spring.cloud.inetutils"     daemon [_thread_blocked, id=17988, stack(0x000000c94d100000,0x000000c94d200000) (1024K)]
  0x0000028c06563580 JavaThread "File Watcher"               daemon [_thread_blocked, id=18284, stack(0x000000c94d000000,0x000000c94d100000) (1024K)]
  0x0000028c065614b0 JavaThread "AsyncResolver-bootstrap-%d" daemon [_thread_blocked, id=25512, stack(0x000000c94d500000,0x000000c94d600000) (1024K)]
  0x0000028c065642a0 JavaThread "DiscoveryClient-%d"         daemon [_thread_blocked, id=27084, stack(0x000000c94d700000,0x000000c94d800000) (1024K)]
  0x0000028c06561b40 JavaThread "DiscoveryClient-%d"         daemon [_thread_blocked, id=2180, stack(0x000000c94d900000,0x000000c94da00000) (1024K)]
  0x0000028c06563c10 JavaThread "DiscoveryClient-InstanceInfoReplicator-%d" daemon [_thread_blocked, id=12740, stack(0x000000c94da00000,0x000000c94db00000) (1024K)]
  0x0000028c06562ef0 JavaThread "http-nio-8083-exec-1"       daemon [_thread_blocked, id=22400, stack(0x000000c94db00000,0x000000c94dc00000) (1024K)]
  0x0000028c06565650 JavaThread "http-nio-8083-exec-2"       daemon [_thread_blocked, id=16664, stack(0x000000c94dc00000,0x000000c94dd00000) (1024K)]
  0x0000028c06565ce0 JavaThread "http-nio-8083-exec-3"       daemon [_thread_blocked, id=21800, stack(0x000000c94dd00000,0x000000c94de00000) (1024K)]
=>0x0000028c06562860 JavaThread "http-nio-8083-exec-4"       daemon [_thread_in_Java, id=25124, stack(0x000000c94de00000,0x000000c94df00000) (1024K)]
  0x0000028c06567090 JavaThread "http-nio-8083-exec-5"       daemon [_thread_blocked, id=1392, stack(0x000000c94df00000,0x000000c94e000000) (1024K)]
  0x0000028c06567720 JavaThread "http-nio-8083-exec-6"       daemon [_thread_blocked, id=1156, stack(0x000000c94e000000,0x000000c94e100000) (1024K)]
  0x0000028c06566370 JavaThread "http-nio-8083-exec-7"       daemon [_thread_blocked, id=9636, stack(0x000000c94e100000,0x000000c94e200000) (1024K)]
  0x0000028c06568ad0 JavaThread "http-nio-8083-exec-8"       daemon [_thread_blocked, id=8296, stack(0x000000c94e200000,0x000000c94e300000) (1024K)]
  0x0000028c06567db0 JavaThread "http-nio-8083-exec-9"       daemon [_thread_blocked, id=17432, stack(0x000000c94e300000,0x000000c94e400000) (1024K)]
  0x0000028c06568440 JavaThread "http-nio-8083-exec-10"      daemon [_thread_blocked, id=3200, stack(0x000000c94e400000,0x000000c94e500000) (1024K)]
  0x0000028bfe07b750 JavaThread "http-nio-8083-Poller"       daemon [_thread_in_native, id=15840, stack(0x000000c94e500000,0x000000c94e600000) (1024K)]
  0x0000028bfe07b0c0 JavaThread "http-nio-8083-Acceptor"     daemon [_thread_in_native, id=13832, stack(0x000000c94e600000,0x000000c94e700000) (1024K)]
  0x0000028bfe07bde0 JavaThread "pool-20-thread-1"           daemon [_thread_blocked, id=16528, stack(0x000000c94e800000,0x000000c94e900000) (1024K)]
  0x0000028bfe07c470 JavaThread "boundedElastic-2"           daemon [_thread_blocked, id=7300, stack(0x000000c94e900000,0x000000c94ea00000) (1024K)]
  0x0000028bfe07d190 JavaThread "Catalina-utility-1"                [_thread_blocked, id=24592, stack(0x000000c94eb00000,0x000000c94ec00000) (1024K)]
  0x0000028bfe07d820 JavaThread "Catalina-utility-2"                [_thread_blocked, id=11060, stack(0x000000c94ec00000,0x000000c94ed00000) (1024K)]
  0x0000028bfe07a3a0 JavaThread "container-1"                       [_thread_blocked, id=25904, stack(0x000000c94ed00000,0x000000c94ee00000) (1024K)]
  0x0000028bfe07ff80 JavaThread "http-nio-9006-exec-1"       daemon [_thread_blocked, id=22680, stack(0x000000c94ee00000,0x000000c94ef00000) (1024K)]
  0x0000028bfe07f260 JavaThread "http-nio-9006-exec-2"       daemon [_thread_blocked, id=13748, stack(0x000000c94ef00000,0x000000c94f000000) (1024K)]
  0x0000028bfe081330 JavaThread "http-nio-9006-exec-3"       daemon [_thread_blocked, id=14920, stack(0x000000c94f000000,0x000000c94f100000) (1024K)]
  0x0000028bfe080610 JavaThread "http-nio-9006-exec-4"       daemon [_thread_blocked, id=2632, stack(0x000000c94f100000,0x000000c94f200000) (1024K)]
  0x0000028bfe07deb0 JavaThread "http-nio-9006-exec-5"       daemon [_thread_blocked, id=12808, stack(0x000000c94f200000,0x000000c94f300000) (1024K)]
  0x0000028bfe07ebd0 JavaThread "http-nio-9006-exec-6"       daemon [_thread_blocked, id=13860, stack(0x000000c94f300000,0x000000c94f400000) (1024K)]
  0x0000028c01f49d10 JavaThread "http-nio-9006-exec-7"       daemon [_thread_blocked, id=18648, stack(0x000000c94f400000,0x000000c94f500000) (1024K)]
  0x0000028c01f4aa30 JavaThread "http-nio-9006-exec-8"       daemon [_thread_blocked, id=18136, stack(0x000000c94f500000,0x000000c94f600000) (1024K)]
  0x0000028c01f4b0c0 JavaThread "http-nio-9006-exec-9"       daemon [_thread_blocked, id=16736, stack(0x000000c94f600000,0x000000c94f700000) (1024K)]
  0x0000028c01f4b750 JavaThread "http-nio-9006-exec-10"      daemon [_thread_blocked, id=24208, stack(0x000000c94f700000,0x000000c94f800000) (1024K)]
  0x0000028c01f4cb00 JavaThread "http-nio-9006-Poller"       daemon [_thread_in_native, id=22660, stack(0x000000c94f800000,0x000000c94f900000) (1024K)]
  0x0000028c01f4d820 JavaThread "http-nio-9006-Acceptor"     daemon [_thread_in_native, id=10788, stack(0x000000c94f900000,0x000000c94fa00000) (1024K)]
Total: 57

Other Threads:
  0x0000028beea32cb0 VMThread "VM Thread"                           [id=11000, stack(0x000000c94a900000,0x000000c94aa00000) (1024K)]
  0x0000028beea22f50 WatcherThread "VM Periodic Task Thread"        [id=2344, stack(0x000000c94a800000,0x000000c94a900000) (1024K)]
  0x0000028bee8ef870 WorkerThread "GC Thread#0"                     [id=4288, stack(0x000000c94a300000,0x000000c94a400000) (1024K)]
  0x0000028bd619c720 WorkerThread "GC Thread#1"                     [id=2092, stack(0x000000c94bd00000,0x000000c94be00000) (1024K)]
  0x0000028bd619cac0 WorkerThread "GC Thread#2"                     [id=11076, stack(0x000000c94be00000,0x000000c94bf00000) (1024K)]
  0x0000028bd619ce60 WorkerThread "GC Thread#3"                     [id=26980, stack(0x000000c94bf00000,0x000000c94c000000) (1024K)]
  0x0000028bd619d200 WorkerThread "GC Thread#4"                     [id=18240, stack(0x000000c94c000000,0x000000c94c100000) (1024K)]
  0x0000028bd616ee40 WorkerThread "GC Thread#5"                     [id=19288, stack(0x000000c94c100000,0x000000c94c200000) (1024K)]
  0x0000028bd616f1e0 WorkerThread "GC Thread#6"                     [id=3092, stack(0x000000c94c200000,0x000000c94c300000) (1024K)]
  0x0000028bd616f580 WorkerThread "GC Thread#7"                     [id=1984, stack(0x000000c94c300000,0x000000c94c400000) (1024K)]
  0x0000028bd6376760 WorkerThread "GC Thread#8"                     [id=23124, stack(0x000000c94c400000,0x000000c94c500000) (1024K)]
  0x0000028bd6374e00 WorkerThread "GC Thread#9"                     [id=17760, stack(0x000000c94c500000,0x000000c94c600000) (1024K)]
  0x0000028bd63763c0 WorkerThread "GC Thread#10"                    [id=9100, stack(0x000000c94c600000,0x000000c94c700000) (1024K)]
  0x0000028bd63758e0 WorkerThread "GC Thread#11"                    [id=16624, stack(0x000000c94c700000,0x000000c94c800000) (1024K)]
  0x0000028bd6375c80 WorkerThread "GC Thread#12"                    [id=11276, stack(0x000000c94c800000,0x000000c94c900000) (1024K)]
  0x0000028bd63751a0 WorkerThread "GC Thread#13"                    [id=9420, stack(0x000000c94c900000,0x000000c94ca00000) (1024K)]
  0x0000028bd6375540 WorkerThread "GC Thread#14"                    [id=24232, stack(0x000000c94ca00000,0x000000c94cb00000) (1024K)]
  0x0000028bd6376020 WorkerThread "GC Thread#15"                    [id=20780, stack(0x000000c94cb00000,0x000000c94cc00000) (1024K)]
  0x0000028bd8efe7f0 ConcurrentGCThread "G1 Main Marker"            [id=23956, stack(0x000000c94a400000,0x000000c94a500000) (1024K)]
  0x0000028bdb3c5020 WorkerThread "G1 Conc#0"                       [id=24688, stack(0x000000c94a500000,0x000000c94a600000) (1024K)]
  0x0000028bf5cf98f0 WorkerThread "G1 Conc#1"                       [id=7496, stack(0x000000c94d200000,0x000000c94d300000) (1024K)]
  0x0000028bf5cf91b0 WorkerThread "G1 Conc#2"                       [id=12508, stack(0x000000c94d300000,0x000000c94d400000) (1024K)]
  0x0000028bf9e7bb90 WorkerThread "G1 Conc#3"                       [id=22456, stack(0x000000c94d400000,0x000000c94d500000) (1024K)]
  0x0000028bee9d1ee0 ConcurrentGCThread "G1 Refine#0"               [id=16948, stack(0x000000c94a600000,0x000000c94a700000) (1024K)]
  0x0000028bee9d28f0 ConcurrentGCThread "G1 Service"                [id=11872, stack(0x000000c94a700000,0x000000c94a800000) (1024K)]
Total: 25

Threads with active compile tasks:
Total: 0

VM state: not at safepoint (normal execution)

VM Mutex/Monitor currently owned by a thread: None

Heap address: 0x0000000409000000, size: 16240 MB, Compressed Oops mode: Zero based, Oop shift amount: 3

CDS archive(s) mapped at: [0x0000028b90000000-0x0000028b90c80000-0x0000028b90c80000), size 13107200, SharedBaseAddress: 0x0000028b90000000, ArchiveRelocationMode: 1.
Compressed class space mapped at: 0x0000028b91000000-0x0000028bd1000000, reserved size: 1073741824
Narrow klass base: 0x0000028b90000000, Narrow klass shift: 0, Narrow klass range: 0x100000000

GC Precious Log:
 CardTable entry size: 512
 Card Set container configuration: InlinePtr #cards 4 size 8 Array Of Cards #cards 64 size 144 Howl #buckets 8 coarsen threshold 14745 Howl Bitmap #cards 2048 size 272 coarsen threshold 1843 Card regions per heap region 1 cards per card region 16384
 CPUs: 22 total, 22 available
 Memory: 64956M
 Large Page Support: Disabled
 NUMA Support: Disabled
 Compressed Oops: Enabled (Zero based)
 Heap Region Size: 8M
 Heap Min Capacity: 8M
 Heap Initial Capacity: 1016M
 Heap Max Capacity: 16240M
 Pre-touch: Disabled
 Parallel Workers: 16
 Concurrent Workers: 4
 Concurrent Refinement Workers: 16
 Periodic GC: Disabled

Heap:
 garbage-first heap   total 393216K, used 125167K [0x0000000409000000, 0x0000000800000000)
  region size 8192K, 9 young (73728K), 2 survivors (16384K)
 Metaspace       used 101655K, committed 102720K, reserved 1179648K
  class space    used 13061K, committed 13568K, reserved 1048576K

Heap Regions: E=young(eden), S=young(survivor), O=old, HS=humongous(starts), HC=humongous(continues), CS=collection set, F=free, TAMS=top-at-mark-start, PB=parsable bottom
|   0|0x0000000409000000, 0x0000000409800000, 0x0000000409800000|100%| O|  |TAMS 0x0000000409000000| PB 0x0000000409000000| Untracked 
|   1|0x0000000409800000, 0x0000000409ffffe0, 0x000000040a000000| 99%| O|  |TAMS 0x0000000409800000| PB 0x0000000409800000| Untracked 
|   2|0x000000040a000000, 0x000000040a7ffff0, 0x000000040a800000| 99%| O|  |TAMS 0x000000040a000000| PB 0x000000040a000000| Untracked 
|   3|0x000000040a800000, 0x000000040affffe8, 0x000000040b000000| 99%| O|  |TAMS 0x000000040a800000| PB 0x000000040a800000| Untracked 
|   4|0x000000040b000000, 0x000000040b800000, 0x000000040b800000|100%| O|  |TAMS 0x000000040b000000| PB 0x000000040b000000| Untracked 
|   5|0x000000040b800000, 0x000000040b9f8c48, 0x000000040c000000| 24%| O|  |TAMS 0x000000040b800000| PB 0x000000040b800000| Untracked 
|   6|0x000000040c000000, 0x000000040c7fffe0, 0x000000040c800000| 99%| O|  |TAMS 0x000000040c000000| PB 0x000000040c000000| Untracked 
|   7|0x000000040c800000, 0x000000040cfffff0, 0x000000040d000000| 99%| O|  |TAMS 0x000000040c800000| PB 0x000000040c800000| Untracked 
|   8|0x000000040d000000, 0x000000040d5b1e48, 0x000000040d800000| 71%| O|  |TAMS 0x000000040d000000| PB 0x000000040d000000| Untracked 
|   9|0x000000040d800000, 0x000000040d800000, 0x000000040e000000|  0%| F|  |TAMS 0x000000040d800000| PB 0x000000040d800000| Untracked 
|  10|0x000000040e000000, 0x000000040e03e248, 0x000000040e800000|  3%| O|  |TAMS 0x000000040e000000| PB 0x000000040e000000| Untracked 
|  11|0x000000040e800000, 0x000000040e99ffe8, 0x000000040f000000| 20%| O|  |TAMS 0x000000040e800000| PB 0x000000040e800000| Untracked 
|  12|0x000000040f000000, 0x000000040f000000, 0x000000040f800000|  0%| F|  |TAMS 0x000000040f000000| PB 0x000000040f000000| Untracked 
|  13|0x000000040f800000, 0x000000040f800000, 0x0000000410000000|  0%| F|  |TAMS 0x000000040f800000| PB 0x000000040f800000| Untracked 
|  14|0x0000000410000000, 0x0000000410000000, 0x0000000410800000|  0%| F|  |TAMS 0x0000000410000000| PB 0x0000000410000000| Untracked 
|  15|0x0000000410800000, 0x0000000410800000, 0x0000000411000000|  0%| F|  |TAMS 0x0000000410800000| PB 0x0000000410800000| Untracked 
|  16|0x0000000411000000, 0x0000000411000000, 0x0000000411800000|  0%| F|  |TAMS 0x0000000411000000| PB 0x0000000411000000| Untracked 
|  17|0x0000000411800000, 0x0000000411800000, 0x0000000412000000|  0%| F|  |TAMS 0x0000000411800000| PB 0x0000000411800000| Untracked 
|  18|0x0000000412000000, 0x0000000412000000, 0x0000000412800000|  0%| F|  |TAMS 0x0000000412000000| PB 0x0000000412000000| Untracked 
|  19|0x0000000412800000, 0x0000000412800000, 0x0000000413000000|  0%| F|  |TAMS 0x0000000412800000| PB 0x0000000412800000| Untracked 
|  20|0x0000000413000000, 0x00000004130b3040, 0x0000000413800000|  8%| S|CS|TAMS 0x0000000413000000| PB 0x0000000413000000| Complete 
|  21|0x0000000413800000, 0x0000000414000000, 0x0000000414000000|100%| S|CS|TAMS 0x0000000413800000| PB 0x0000000413800000| Complete 
|  22|0x0000000414000000, 0x0000000414000000, 0x0000000414800000|  0%| F|  |TAMS 0x0000000414000000| PB 0x0000000414000000| Untracked 
|  23|0x0000000414800000, 0x0000000414800000, 0x0000000415000000|  0%| F|  |TAMS 0x0000000414800000| PB 0x0000000414800000| Untracked 
|  24|0x0000000415000000, 0x0000000415000000, 0x0000000415800000|  0%| F|  |TAMS 0x0000000415000000| PB 0x0000000415000000| Untracked 
|  25|0x0000000415800000, 0x0000000415800000, 0x0000000416000000|  0%| F|  |TAMS 0x0000000415800000| PB 0x0000000415800000| Untracked 
|  26|0x0000000416000000, 0x0000000416000000, 0x0000000416800000|  0%| F|  |TAMS 0x0000000416000000| PB 0x0000000416000000| Untracked 
|  27|0x0000000416800000, 0x0000000416800000, 0x0000000417000000|  0%| F|  |TAMS 0x0000000416800000| PB 0x0000000416800000| Untracked 
|  28|0x0000000417000000, 0x0000000417000000, 0x0000000417800000|  0%| F|  |TAMS 0x0000000417000000| PB 0x0000000417000000| Untracked 
|  29|0x0000000417800000, 0x0000000417800000, 0x0000000418000000|  0%| F|  |TAMS 0x0000000417800000| PB 0x0000000417800000| Untracked 
|  30|0x0000000418000000, 0x0000000418000000, 0x0000000418800000|  0%| F|  |TAMS 0x0000000418000000| PB 0x0000000418000000| Untracked 
|  31|0x0000000418800000, 0x0000000418800000, 0x0000000419000000|  0%| F|  |TAMS 0x0000000418800000| PB 0x0000000418800000| Untracked 
|  32|0x0000000419000000, 0x0000000419000000, 0x0000000419800000|  0%| F|  |TAMS 0x0000000419000000| PB 0x0000000419000000| Untracked 
|  33|0x0000000419800000, 0x0000000419800000, 0x000000041a000000|  0%| F|  |TAMS 0x0000000419800000| PB 0x0000000419800000| Untracked 
|  34|0x000000041a000000, 0x000000041a000000, 0x000000041a800000|  0%| F|  |TAMS 0x000000041a000000| PB 0x000000041a000000| Untracked 
|  35|0x000000041a800000, 0x000000041a800000, 0x000000041b000000|  0%| F|  |TAMS 0x000000041a800000| PB 0x000000041a800000| Untracked 
|  36|0x000000041b000000, 0x000000041b000000, 0x000000041b800000|  0%| F|  |TAMS 0x000000041b000000| PB 0x000000041b000000| Untracked 
|  37|0x000000041b800000, 0x000000041b800000, 0x000000041c000000|  0%| F|  |TAMS 0x000000041b800000| PB 0x000000041b800000| Untracked 
|  38|0x000000041c000000, 0x000000041c000000, 0x000000041c800000|  0%| F|  |TAMS 0x000000041c000000| PB 0x000000041c000000| Untracked 
|  39|0x000000041c800000, 0x000000041c800000, 0x000000041d000000|  0%| F|  |TAMS 0x000000041c800000| PB 0x000000041c800000| Untracked 
|  40|0x000000041d000000, 0x000000041d000000, 0x000000041d800000|  0%| F|  |TAMS 0x000000041d000000| PB 0x000000041d000000| Untracked 
|  41|0x000000041d800000, 0x000000041d917688, 0x000000041e000000| 13%| E|  |TAMS 0x000000041d800000| PB 0x000000041d800000| Complete 
|  42|0x000000041e000000, 0x000000041e800000, 0x000000041e800000|100%| E|CS|TAMS 0x000000041e000000| PB 0x000000041e000000| Complete 
|  43|0x000000041e800000, 0x000000041f000000, 0x000000041f000000|100%| E|CS|TAMS 0x000000041e800000| PB 0x000000041e800000| Complete 
|  44|0x000000041f000000, 0x000000041f800000, 0x000000041f800000|100%| E|CS|TAMS 0x000000041f000000| PB 0x000000041f000000| Complete 
|  45|0x000000041f800000, 0x0000000420000000, 0x0000000420000000|100%| E|CS|TAMS 0x000000041f800000| PB 0x000000041f800000| Complete 
|  46|0x0000000420000000, 0x0000000420800000, 0x0000000420800000|100%| E|CS|TAMS 0x0000000420000000| PB 0x0000000420000000| Complete 
|  47|0x0000000420800000, 0x0000000421000000, 0x0000000421000000|100%| E|CS|TAMS 0x0000000420800000| PB 0x0000000420800000| Complete 

Card table byte_map: [0x0000028bf0a30000,0x0000028bf29f0000] _byte_map_base: 0x0000028bee9e8000

Marking Bits: (CMBitMap*) 0x0000028bd8ef9fc0
 Bits: [0x0000028b80000000, 0x0000028b8fdc0000)

Polling page: 0x0000028bd9100000

Metaspace:

Usage:
  Non-class:     86.52 MB used.
      Class:     12.75 MB used.
       Both:     99.27 MB used.

Virtual space:
  Non-class space:      128.00 MB reserved,      87.06 MB ( 68%) committed,  2 nodes.
      Class space:        1.00 GB reserved,      13.25 MB (  1%) committed,  1 nodes.
             Both:        1.12 GB reserved,     100.31 MB (  9%) committed. 

Chunk freelists:
   Non-Class:  8.28 MB
       Class:  2.78 MB
        Both:  11.07 MB

MaxMetaspaceSize: unlimited
CompressedClassSpaceSize: 1.00 GB
Initial GC threshold: 21.00 MB
Current GC threshold: 166.25 MB
CDS: on
 - commit_granule_bytes: 65536.
 - commit_granule_words: 8192.
 - virtual_space_node_default_size: 8388608.
 - enlarge_chunks_in_place: 1.
 - use_allocation_guard: 0.


Internal statistics:

num_allocs_failed_limit: 11.
num_arena_births: 1592.
num_arena_deaths: 8.
num_vsnodes_births: 3.
num_vsnodes_deaths: 0.
num_space_committed: 1605.
num_space_uncommitted: 0.
num_chunks_returned_to_freelist: 20.
num_chunks_taken_from_freelist: 5377.
num_chunk_merges: 11.
num_chunk_splits: 3749.
num_chunks_enlarged: 2825.
num_inconsistent_stats: 0.

CodeHeap 'non-profiled nmethods': size=119168Kb used=11115Kb max_used=12060Kb free=108052Kb
 bounds [0x0000028be6860000, 0x0000028be7430000, 0x0000028bedcc0000]
CodeHeap 'profiled nmethods': size=119104Kb used=19307Kb max_used=21819Kb free=99796Kb
 bounds [0x0000028bdecc0000, 0x0000028be0210000, 0x0000028be6110000]
CodeHeap 'non-nmethods': size=7488Kb used=1883Kb max_used=3656Kb free=5605Kb
 bounds [0x0000028be6110000, 0x0000028be64b0000, 0x0000028be6860000]
 total_blobs=10341 nmethods=9525 adapters=719
 compilation: enabled
              stopped_count=0, restarted_count=0
 full_count=0

Compilation events (20 events):
Event: 496.822 Thread 0x0000028bd10ecfb0 15923       3       java.io.BufferedWriter::implWrite (100 bytes)
Event: 496.822 Thread 0x0000028bd10ecfb0 nmethod 15923 0x0000028be0041790 code [0x0000028be00419a0, 0x0000028be0041ec8]
Event: 496.822 Thread 0x0000028bd10ecfb0 15917       3       java.lang.StackTraceElement::isNativeMethod (15 bytes)
Event: 496.822 Thread 0x0000028bd10ecfb0 nmethod 15917 0x0000028bdf22b890 code [0x0000028bdf22ba20, 0x0000028bdf22bb80]
Event: 496.823 Thread 0x0000028bd10ecfb0 15921       3       java.io.Writer::write (11 bytes)
Event: 496.823 Thread 0x0000028bd10ecfb0 nmethod 15921 0x0000028bdfe5da10 code [0x0000028bdfe5dbe0, 0x0000028bdfe5ded8]
Event: 496.823 Thread 0x0000028bd10ecfb0 15922   !   3       java.io.BufferedWriter::write (82 bytes)
Event: 496.823 Thread 0x0000028bd10ecfb0 nmethod 15922 0x0000028be0040010 code [0x0000028be00402c0, 0x0000028be00411c8]
Event: 496.823 Thread 0x0000028bd10ecfb0 15924       3       java.io.BufferedWriter::growIfNeeded (63 bytes)
Event: 496.824 Thread 0x0000028bd10ecfb0 nmethod 15924 0x0000028be003fa90 code [0x0000028be003fc40, 0x0000028be003ff38]
Event: 496.824 Thread 0x0000028bd10ecfb0 15925       3       java.io.BufferedWriter::min (9 bytes)
Event: 496.824 Thread 0x0000028bd10ecfb0 nmethod 15925 0x0000028bdf78fa10 code [0x0000028bdf78fbc0, 0x0000028bdf78fd28]
Event: 496.824 Thread 0x0000028bd10ecfb0 15920       1       java.nio.charset.CharsetEncoder::maxBytesPerChar (5 bytes)
Event: 496.824 Thread 0x0000028bd10ecfb0 nmethod 15920 0x0000028be7157510 code [0x0000028be71576a0, 0x0000028be7157768]
Event: 501.024 Thread 0x0000028beea6bf90 15926       4       org.springframework.boot.devtools.filewatch.DirectorySnapshot::filter (72 bytes)
Event: 501.025 Thread 0x0000028beea6bf90 nmethod 15926 0x0000028be7157210 code [0x0000028be71573a0, 0x0000028be7157450]
Event: 503.551 Thread 0x0000028bd10ecfb0 15927       3       com.netflix.spectator.api.patterns.PolledMeter$Builder$$Lambda/0x0000028b91bd6b78::applyAsDouble (8 bytes)
Event: 503.552 Thread 0x0000028bd10ecfb0 nmethod 15927 0x0000028be003f490 code [0x0000028be003f640, 0x0000028be003f918]
Event: 511.736 Thread 0x0000028bd10ecfb0 15928       3       org.apache.catalina.core.StandardPipeline::getFirst (17 bytes)
Event: 511.736 Thread 0x0000028bd10ecfb0 nmethod 15928 0x0000028bdfeb9990 code [0x0000028bdfeb9b40, 0x0000028bdfeb9cb8]

GC Heap History (20 events):
Event: 478.471 GC heap before
{Heap before GC invocations=37 (full 2):
 garbage-first heap   total 221184K, used 173061K [0x0000000409000000, 0x0000000800000000)
  region size 8192K, 15 young (122880K), 2 survivors (16384K)
 Metaspace       used 99476K, committed 100480K, reserved 1179648K
  class space    used 12984K, committed 13440K, reserved 1048576K
}
Event: 478.485 GC heap after
{Heap after GC invocations=38 (full 2):
 garbage-first heap   total 221184K, used 69008K [0x0000000409000000, 0x0000000800000000)
  region size 8192K, 1 young (8192K), 1 survivors (8192K)
 Metaspace       used 99476K, committed 100480K, reserved 1179648K
  class space    used 12984K, committed 13440K, reserved 1048576K
}
Event: 479.183 GC heap before
{Heap before GC invocations=38 (full 2):
 garbage-first heap   total 221184K, used 191888K [0x0000000409000000, 0x0000000800000000)
  region size 8192K, 16 young (131072K), 1 survivors (8192K)
 Metaspace       used 99563K, committed 100672K, reserved 1179648K
  class space    used 12989K, committed 13504K, reserved 1048576K
}
Event: 479.193 GC heap after
{Heap after GC invocations=39 (full 2):
 garbage-first heap   total 630784K, used 72504K [0x0000000409000000, 0x0000000800000000)
  region size 8192K, 2 young (16384K), 2 survivors (16384K)
 Metaspace       used 99563K, committed 100672K, reserved 1179648K
  class space    used 12989K, committed 13504K, reserved 1048576K
}
Event: 481.723 GC heap before
{Heap before GC invocations=39 (full 2):
 garbage-first heap   total 630784K, used 211768K [0x0000000409000000, 0x0000000800000000)
  region size 8192K, 20 young (163840K), 2 survivors (16384K)
 Metaspace       used 99801K, committed 100864K, reserved 1179648K
  class space    used 12995K, committed 13504K, reserved 1048576K
}
Event: 481.816 GC heap after
{Heap after GC invocations=40 (full 3):
 garbage-first heap   total 327680K, used 62002K [0x0000000409000000, 0x0000000800000000)
  region size 8192K, 0 young (0K), 0 survivors (0K)
 Metaspace       used 99798K, committed 100864K, reserved 1179648K
  class space    used 12994K, committed 13504K, reserved 1048576K
}
Event: 483.431 GC heap before
{Heap before GC invocations=40 (full 3):
 garbage-first heap   total 327680K, used 258610K [0x0000000409000000, 0x0000000800000000)
  region size 8192K, 24 young (196608K), 0 survivors (0K)
 Metaspace       used 100219K, committed 101248K, reserved 1179648K
  class space    used 13009K, committed 13504K, reserved 1048576K
}
Event: 483.439 GC heap after
{Heap after GC invocations=41 (full 3):
 garbage-first heap   total 327680K, used 71877K [0x0000000409000000, 0x0000000800000000)
  region size 8192K, 2 young (16384K), 2 survivors (16384K)
 Metaspace       used 100219K, committed 101248K, reserved 1179648K
  class space    used 13009K, committed 13504K, reserved 1048576K
}
Event: 484.338 GC heap before
{Heap before GC invocations=42 (full 3):
 garbage-first heap   total 327680K, used 252101K [0x0000000409000000, 0x0000000800000000)
  region size 8192K, 24 young (196608K), 2 survivors (16384K)
 Metaspace       used 100380K, committed 101376K, reserved 1179648K
  class space    used 13016K, committed 13504K, reserved 1048576K
}
Event: 484.357 GC heap after
{Heap after GC invocations=43 (full 3):
 garbage-first heap   total 327680K, used 75091K [0x0000000409000000, 0x0000000800000000)
  region size 8192K, 2 young (16384K), 2 survivors (16384K)
 Metaspace       used 100380K, committed 101376K, reserved 1179648K
  class space    used 13016K, committed 13504K, reserved 1048576K
}
Event: 485.762 GC heap before
{Heap before GC invocations=43 (full 3):
 garbage-first heap   total 327680K, used 255315K [0x0000000409000000, 0x0000000800000000)
  region size 8192K, 24 young (196608K), 2 survivors (16384K)
 Metaspace       used 100618K, committed 101632K, reserved 1179648K
  class space    used 13025K, committed 13504K, reserved 1048576K
}
Event: 485.769 GC heap after
{Heap after GC invocations=44 (full 3):
 garbage-first heap   total 327680K, used 71311K [0x0000000409000000, 0x0000000800000000)
  region size 8192K, 2 young (16384K), 2 survivors (16384K)
 Metaspace       used 100618K, committed 101632K, reserved 1179648K
  class space    used 13025K, committed 13504K, reserved 1048576K
}
Event: 487.472 GC heap before
{Heap before GC invocations=44 (full 3):
 garbage-first heap   total 327680K, used 112271K [0x0000000409000000, 0x0000000800000000)
  region size 8192K, 8 young (65536K), 2 survivors (16384K)
 Metaspace       used 100691K, committed 101696K, reserved 1179648K
  class space    used 13027K, committed 13504K, reserved 1048576K
}
Event: 487.568 GC heap after
{Heap after GC invocations=45 (full 4):
 garbage-first heap   total 303104K, used 67106K [0x0000000409000000, 0x0000000800000000)
  region size 8192K, 0 young (0K), 0 survivors (0K)
 Metaspace       used 100688K, committed 101696K, reserved 1179648K
  class space    used 13027K, committed 13504K, reserved 1048576K
}
Event: 489.076 GC heap before
{Heap before GC invocations=45 (full 4):
 garbage-first heap   total 303104K, used 239138K [0x0000000409000000, 0x0000000800000000)
  region size 8192K, 22 young (180224K), 0 survivors (0K)
 Metaspace       used 101084K, committed 102144K, reserved 1179648K
  class space    used 13041K, committed 13568K, reserved 1048576K
}
Event: 489.085 GC heap after
{Heap after GC invocations=46 (full 4):
 garbage-first heap   total 303104K, used 76346K [0x0000000409000000, 0x0000000800000000)
  region size 8192K, 2 young (16384K), 2 survivors (16384K)
 Metaspace       used 101084K, committed 102144K, reserved 1179648K
  class space    used 13041K, committed 13568K, reserved 1048576K
}
Event: 489.883 GC heap before
{Heap before GC invocations=47 (full 4):
 garbage-first heap   total 303104K, used 231994K [0x0000000409000000, 0x0000000800000000)
  region size 8192K, 21 young (172032K), 2 survivors (16384K)
 Metaspace       used 101249K, committed 102336K, reserved 1179648K
  class space    used 13048K, committed 13568K, reserved 1048576K
}
Event: 489.897 GC heap after
{Heap after GC invocations=48 (full 4):
 garbage-first heap   total 393216K, used 79395K [0x0000000409000000, 0x0000000800000000)
  region size 8192K, 2 young (16384K), 2 survivors (16384K)
 Metaspace       used 101249K, committed 102336K, reserved 1179648K
  class space    used 13048K, committed 13568K, reserved 1048576K
}
Event: 491.053 GC heap before
{Heap before GC invocations=48 (full 4):
 garbage-first heap   total 393216K, used 292387K [0x0000000409000000, 0x0000000800000000)
  region size 8192K, 28 young (229376K), 2 survivors (16384K)
 Metaspace       used 101487K, committed 102592K, reserved 1179648K
  class space    used 13057K, committed 13568K, reserved 1048576K
}
Event: 491.064 GC heap after
{Heap after GC invocations=49 (full 4):
 garbage-first heap   total 393216K, used 76015K [0x0000000409000000, 0x0000000800000000)
  region size 8192K, 2 young (16384K), 2 survivors (16384K)
 Metaspace       used 101487K, committed 102592K, reserved 1179648K
  class space    used 13057K, committed 13568K, reserved 1048576K
}

Dll operation events (12 events):
Event: 0.015 Loaded shared library C:\Program Files\sts-4.30.0.RELEASE\plugins\org.eclipse.justj.openjdk.hotspot.jre.full.win32.x86_64_21.0.6.v20250130-0529\jre\bin\java.dll
Event: 0.058 Loaded shared library C:\Program Files\sts-4.30.0.RELEASE\plugins\org.eclipse.justj.openjdk.hotspot.jre.full.win32.x86_64_21.0.6.v20250130-0529\jre\bin\zip.dll
Event: 0.313 Loaded shared library C:\Program Files\sts-4.30.0.RELEASE\plugins\org.eclipse.justj.openjdk.hotspot.jre.full.win32.x86_64_21.0.6.v20250130-0529\jre\bin\instrument.dll
Event: 0.320 Loaded shared library C:\Program Files\sts-4.30.0.RELEASE\plugins\org.eclipse.justj.openjdk.hotspot.jre.full.win32.x86_64_21.0.6.v20250130-0529\jre\bin\net.dll
Event: 0.321 Loaded shared library C:\Program Files\sts-4.30.0.RELEASE\plugins\org.eclipse.justj.openjdk.hotspot.jre.full.win32.x86_64_21.0.6.v20250130-0529\jre\bin\nio.dll
Event: 0.325 Loaded shared library C:\Program Files\sts-4.30.0.RELEASE\plugins\org.eclipse.justj.openjdk.hotspot.jre.full.win32.x86_64_21.0.6.v20250130-0529\jre\bin\zip.dll
Event: 0.617 Loaded shared library C:\Program Files\sts-4.30.0.RELEASE\plugins\org.eclipse.justj.openjdk.hotspot.jre.full.win32.x86_64_21.0.6.v20250130-0529\jre\bin\jimage.dll
Event: 0.689 Loaded shared library C:\Program Files\sts-4.30.0.RELEASE\plugins\org.eclipse.justj.openjdk.hotspot.jre.full.win32.x86_64_21.0.6.v20250130-0529\jre\bin\verify.dll
Event: 1.371 Loaded shared library C:\Program Files\sts-4.30.0.RELEASE\plugins\org.eclipse.justj.openjdk.hotspot.jre.full.win32.x86_64_21.0.6.v20250130-0529\jre\bin\management.dll
Event: 1.375 Loaded shared library C:\Program Files\sts-4.30.0.RELEASE\plugins\org.eclipse.justj.openjdk.hotspot.jre.full.win32.x86_64_21.0.6.v20250130-0529\jre\bin\management_ext.dll
Event: 4.312 Loaded shared library C:\Program Files\sts-4.30.0.RELEASE\plugins\org.eclipse.justj.openjdk.hotspot.jre.full.win32.x86_64_21.0.6.v20250130-0529\jre\bin\sunmscapi.dll
Event: 13.550 Loaded shared library C:\Program Files\sts-4.30.0.RELEASE\plugins\org.eclipse.justj.openjdk.hotspot.jre.full.win32.x86_64_21.0.6.v20250130-0529\jre\bin\extnet.dll

Deoptimization events (20 events):
Event: 513.620 Thread 0x0000028bd139a800 Uncommon trap: trap_request=0xffffff97 fr.pc=0x0000028be724f9f4 relative=0x00000000000025b4
Event: 513.620 Thread 0x0000028bd139a800 Uncommon trap: reason=unhandled action=none pc=0x0000028be724f9f4 method=java.net.URLClassLoader.findClass(Ljava/lang/String;)Ljava/lang/Class; @ 44 c2
Event: 513.620 Thread 0x0000028bd139a800 DEOPT PACKING pc=0x0000028be724f9f4 sp=0x000000c94b5fb630
Event: 513.620 Thread 0x0000028bd139a800 DEOPT UNPACKING pc=0x0000028be61646a2 sp=0x000000c94b5fb560 mode 2
Event: 513.620 Thread 0x0000028bd139a800 Uncommon trap: trap_request=0xffffff97 fr.pc=0x0000028be724f9f4 relative=0x00000000000025b4
Event: 513.620 Thread 0x0000028bd139a800 Uncommon trap: reason=unhandled action=none pc=0x0000028be724f9f4 method=java.net.URLClassLoader.findClass(Ljava/lang/String;)Ljava/lang/Class; @ 44 c2
Event: 513.620 Thread 0x0000028bd139a800 DEOPT PACKING pc=0x0000028be724f9f4 sp=0x000000c94b5fb630
Event: 513.620 Thread 0x0000028bd139a800 DEOPT UNPACKING pc=0x0000028be61646a2 sp=0x000000c94b5fb560 mode 2
Event: 513.620 Thread 0x0000028bd139a800 Uncommon trap: trap_request=0xffffff97 fr.pc=0x0000028be724f9f4 relative=0x00000000000025b4
Event: 513.620 Thread 0x0000028bd139a800 Uncommon trap: reason=unhandled action=none pc=0x0000028be724f9f4 method=java.net.URLClassLoader.findClass(Ljava/lang/String;)Ljava/lang/Class; @ 44 c2
Event: 513.620 Thread 0x0000028bd139a800 DEOPT PACKING pc=0x0000028be724f9f4 sp=0x000000c94b5fb630
Event: 513.620 Thread 0x0000028bd139a800 DEOPT UNPACKING pc=0x0000028be61646a2 sp=0x000000c94b5fb560 mode 2
Event: 513.621 Thread 0x0000028bd139a800 Uncommon trap: trap_request=0xffffff97 fr.pc=0x0000028be724f9f4 relative=0x00000000000025b4
Event: 513.621 Thread 0x0000028bd139a800 Uncommon trap: reason=unhandled action=none pc=0x0000028be724f9f4 method=java.net.URLClassLoader.findClass(Ljava/lang/String;)Ljava/lang/Class; @ 44 c2
Event: 513.621 Thread 0x0000028bd139a800 DEOPT PACKING pc=0x0000028be724f9f4 sp=0x000000c94b5fb630
Event: 513.621 Thread 0x0000028bd139a800 DEOPT UNPACKING pc=0x0000028be61646a2 sp=0x000000c94b5fb560 mode 2
Event: 513.621 Thread 0x0000028bd139a800 Uncommon trap: trap_request=0xffffff97 fr.pc=0x0000028be724f9f4 relative=0x00000000000025b4
Event: 513.621 Thread 0x0000028bd139a800 Uncommon trap: reason=unhandled action=none pc=0x0000028be724f9f4 method=java.net.URLClassLoader.findClass(Ljava/lang/String;)Ljava/lang/Class; @ 44 c2
Event: 513.621 Thread 0x0000028bd139a800 DEOPT PACKING pc=0x0000028be724f9f4 sp=0x000000c94b5fb630
Event: 513.621 Thread 0x0000028bd139a800 DEOPT UNPACKING pc=0x0000028be61646a2 sp=0x000000c94b5fb560 mode 2

Classes loaded (20 events):
Event: 260.980 Loading class java/util/concurrent/ConcurrentSkipListMap$SubMap$SubMapIter done
Event: 260.980 Loading class java/util/concurrent/ConcurrentSkipListMap$SubMap$SubMapValueIterator done
Event: 320.543 Loading class java/util/concurrent/locks/AbstractQueuedSynchronizer$SharedNode
Event: 320.543 Loading class java/util/concurrent/locks/AbstractQueuedSynchronizer$SharedNode done
Event: 320.590 Loading class javax/management/NotificationBroadcasterSupport$WildcardListenerInfo
Event: 320.590 Loading class javax/management/NotificationBroadcasterSupport$WildcardListenerInfo done
Event: 320.609 Loading class sun/security/ssl/Alert
Event: 320.609 Loading class sun/security/ssl/Alert done
Event: 320.610 Loading class sun/security/ssl/Alert$AlertConsumer
Event: 320.610 Loading class sun/security/ssl/Alert$AlertConsumer done
Event: 320.610 Loading class sun/security/ssl/Alert$Level
Event: 320.610 Loading class sun/security/ssl/Alert$Level done
Event: 321.533 Loading class java/lang/ref/Finalizer$2
Event: 321.533 Loading class java/lang/ref/Finalizer$2 done
Event: 321.533 Loading class java/lang/ref/Finalizer$1
Event: 321.534 Loading class java/lang/ref/Finalizer$1 done
Event: 496.818 Loading class java/lang/Throwable$WrappedPrintStream
Event: 496.819 Loading class java/lang/Throwable$PrintStreamOrWriter
Event: 496.819 Loading class java/lang/Throwable$PrintStreamOrWriter done
Event: 496.819 Loading class java/lang/Throwable$WrappedPrintStream done

Classes unloaded (4 events):
Event: 321.455 Thread 0x0000028beea32cb0 Unloading class 0x0000028b91d08000 'org/apache/catalina/loader/JdbcLeakPrevention'
Event: 475.736 Thread 0x0000028beea32cb0 Unloading class 0x0000028b91d18000 'org/apache/catalina/loader/JdbcLeakPrevention'
Event: 481.751 Thread 0x0000028beea32cb0 Unloading class 0x0000028b91d1d400 'org/apache/catalina/loader/JdbcLeakPrevention'
Event: 487.509 Thread 0x0000028beea32cb0 Unloading class 0x0000028b91d2c800 'org/apache/catalina/loader/JdbcLeakPrevention'

Classes redefined (14 events):
Event: 473.723 Thread 0x0000028beea32cb0 redefined class name=com.kandarp.salon.controller.SalonAuthController, count=1
Event: 473.723 Thread 0x0000028beea32cb0 redefined class name=com.kandarp.salon.controller.SalonAuthController, count=1
Event: 479.305 Thread 0x0000028beea32cb0 redefined class name=com.kandarp.salon.controller.SalonAuthController, count=1
Event: 479.305 Thread 0x0000028beea32cb0 redefined class name=com.kandarp.salon.controller.SalonAuthController, count=2
Event: 479.305 Thread 0x0000028beea32cb0 redefined class name=com.kandarp.salon.controller.SalonAuthController, count=2
Event: 485.453 Thread 0x0000028beea32cb0 redefined class name=com.kandarp.salon.controller.SalonAuthController, count=1
Event: 485.453 Thread 0x0000028beea32cb0 redefined class name=com.kandarp.salon.controller.SalonAuthController, count=2
Event: 485.453 Thread 0x0000028beea32cb0 redefined class name=com.kandarp.salon.controller.SalonAuthController, count=3
Event: 485.453 Thread 0x0000028beea32cb0 redefined class name=com.kandarp.salon.controller.SalonAuthController, count=3
Event: 513.642 Thread 0x0000028beea32cb0 redefined class name=com.kandarp.salon.controller.SalonAuthController, count=2
Event: 513.642 Thread 0x0000028beea32cb0 redefined class name=com.kandarp.salon.controller.SalonAuthController, count=3
Event: 513.642 Thread 0x0000028beea32cb0 redefined class name=com.kandarp.salon.controller.SalonAuthController, count=4
Event: 513.642 Thread 0x0000028beea32cb0 redefined class name=com.kandarp.salon.controller.SalonAuthController, count=4
Event: 513.642 Thread 0x0000028beea32cb0 redefined class name=com.kandarp.salon.controller.SalonAuthController, count=1

Internal exceptions (20 events):
Event: 488.298 Thread 0x0000028bf6500980 Exception <a 'java/lang/ArrayIndexOutOfBoundsException'{0x00000004172ad728}> (0x00000004172ad728) 
thrown [s\src\hotspot\share\runtime\sharedRuntime.cpp, line 625]
Event: 488.298 Thread 0x0000028bf6500980 Exception <a 'java/lang/ArrayIndexOutOfBoundsException'{0x00000004172adfb0}> (0x00000004172adfb0) 
thrown [s\src\hotspot\share\runtime\sharedRuntime.cpp, line 625]
Event: 488.299 Thread 0x0000028bf6500980 Exception <a 'java/lang/ArrayIndexOutOfBoundsException'{0x00000004172ec7d0}> (0x00000004172ec7d0) 
thrown [s\src\hotspot\share\runtime\sharedRuntime.cpp, line 625]
Event: 488.299 Thread 0x0000028bf6500980 Exception <a 'java/lang/ArrayIndexOutOfBoundsException'{0x00000004172ecda8}> (0x00000004172ecda8) 
thrown [s\src\hotspot\share\runtime\sharedRuntime.cpp, line 625]
Event: 488.300 Thread 0x0000028bf6500980 Exception <a 'java/lang/ArrayIndexOutOfBoundsException'{0x00000004172f56d8}> (0x00000004172f56d8) 
thrown [s\src\hotspot\share\runtime\sharedRuntime.cpp, line 625]
Event: 488.300 Thread 0x0000028bf6500980 Exception <a 'java/lang/ArrayIndexOutOfBoundsException'{0x00000004172f5f60}> (0x00000004172f5f60) 
thrown [s\src\hotspot\share\runtime\sharedRuntime.cpp, line 625]
Event: 488.302 Thread 0x0000028bf6500980 Exception <a 'java/lang/ArrayIndexOutOfBoundsException'{0x0000000417336b90}> (0x0000000417336b90) 
thrown [s\src\hotspot\share\runtime\sharedRuntime.cpp, line 625]
Event: 488.302 Thread 0x0000028bf6500980 Exception <a 'java/lang/ArrayIndexOutOfBoundsException'{0x0000000417337168}> (0x0000000417337168) 
thrown [s\src\hotspot\share\runtime\sharedRuntime.cpp, line 625]
Event: 488.304 Thread 0x0000028bf6500980 Exception <a 'java/lang/ArrayIndexOutOfBoundsException'{0x00000004173731f0}> (0x00000004173731f0) 
thrown [s\src\hotspot\share\runtime\sharedRuntime.cpp, line 625]
Event: 488.304 Thread 0x0000028bf6500980 Exception <a 'java/lang/ArrayIndexOutOfBoundsException'{0x00000004173737c8}> (0x00000004173737c8) 
thrown [s\src\hotspot\share\runtime\sharedRuntime.cpp, line 625]
Event: 488.507 Thread 0x0000028bf6500980 Exception <a 'java/io/FileNotFoundException'{0x0000000414e519a0}> (0x0000000414e519a0) 
thrown [s\src\hotspot\share\prims\jni.cpp, line 520]
Event: 488.507 Thread 0x0000028bf6500980 Exception <a 'java/io/FileNotFoundException'{0x0000000414e52cd8}> (0x0000000414e52cd8) 
thrown [s\src\hotspot\share\prims\jni.cpp, line 520]
Event: 488.531 Thread 0x0000028bf6500980 Exception <a 'java/io/FileNotFoundException'{0x000000041412a9e8}> (0x000000041412a9e8) 
thrown [s\src\hotspot\share\prims\jni.cpp, line 520]
Event: 488.663 Thread 0x0000028bf6500980 Exception <a 'java/io/FileNotFoundException'{0x00000004129b19a8}> (0x00000004129b19a8) 
thrown [s\src\hotspot\share\prims\jni.cpp, line 520]
Event: 489.232 Thread 0x0000028bf6500980 Exception <a 'java/net/BindException'{0x000000041a7f2a00}: Address already in use: bind> (0x000000041a7f2a00) 
thrown [s\src\hotspot\share\prims\jni.cpp, line 539]
Event: 491.594 Thread 0x0000028bf6500980 Implicit null exception at 0x0000028be6c4e584 to 0x0000028be6c514c0
Event: 491.654 Thread 0x0000028bf6500980 Exception <a 'java/io/FileNotFoundException'{0x000000041f54b438}> (0x000000041f54b438) 
thrown [s\src\hotspot\share\prims\jni.cpp, line 520]
Event: 491.654 Thread 0x0000028bf6500980 Exception <a 'java/io/FileNotFoundException'{0x000000041f54ca20}> (0x000000041f54ca20) 
thrown [s\src\hotspot\share\prims\jni.cpp, line 520]
Event: 491.679 Thread 0x0000028bf6500980 Exception <a 'java/io/FileNotFoundException'{0x000000041ea12fd0}> (0x000000041ea12fd0) 
thrown [s\src\hotspot\share\prims\jni.cpp, line 520]
Event: 491.718 Thread 0x0000028bf6500980 Exception <a 'java/io/FileNotFoundException'{0x000000041eb20830}> (0x000000041eb20830) 
thrown [s\src\hotspot\share\prims\jni.cpp, line 520]

ZGC Phase Switch (0 events):
No events

VM Operations (20 events):
Event: 496.829 Executing VM operation: get/set locals
Event: 496.829 Executing VM operation: get/set locals done
Event: 513.597 Executing VM operation: ChangeSingleStep
Event: 513.597 Executing VM operation: ChangeSingleStep done
Event: 513.598 Executing VM operation: ChangeSingleStep
Event: 513.598 Executing VM operation: ChangeSingleStep done
Event: 513.621 Executing VM operation: RedefineClasses
Event: 513.676 Executing VM operation: RedefineClasses done
Event: 513.706 Executing VM operation: ChangeBreakpoints
Event: 513.712 Executing VM operation: ChangeBreakpoints done
Event: 513.715 Executing VM operation: ChangeBreakpoints
Event: 513.718 Executing VM operation: ChangeBreakpoints done
Event: 513.720 Executing VM operation: ChangeBreakpoints
Event: 513.724 Executing VM operation: ChangeBreakpoints done
Event: 513.726 Executing VM operation: ChangeBreakpoints
Event: 513.731 Executing VM operation: ChangeBreakpoints done
Event: 513.735 Executing VM operation: ChangeBreakpoints
Event: 513.741 Executing VM operation: ChangeBreakpoints done
Event: 513.744 Executing VM operation: ChangeSingleStep
Event: 513.744 Executing VM operation: ChangeSingleStep done

Memory protections (0 events):
No events

Nmethod flushes (20 events):
Event: 489.135 Thread 0x0000028beea32cb0 flushing  nmethod 0x0000028bdf169c10
Event: 489.135 Thread 0x0000028beea32cb0 flushing  nmethod 0x0000028bdf1ab590
Event: 489.135 Thread 0x0000028beea32cb0 flushing  nmethod 0x0000028bdf1ae390
Event: 489.135 Thread 0x0000028beea32cb0 flushing  nmethod 0x0000028bdf1b1110
Event: 489.135 Thread 0x0000028beea32cb0 flushing  nmethod 0x0000028bdf3a3110
Event: 489.135 Thread 0x0000028beea32cb0 flushing  nmethod 0x0000028bdf41da10
Event: 489.135 Thread 0x0000028beea32cb0 flushing  nmethod 0x0000028bdf7c3690
Event: 489.135 Thread 0x0000028beea32cb0 flushing  nmethod 0x0000028bdf922410
Event: 489.135 Thread 0x0000028beea32cb0 flushing  nmethod 0x0000028bdf927910
Event: 489.135 Thread 0x0000028beea32cb0 flushing  nmethod 0x0000028bdf935190
Event: 489.135 Thread 0x0000028beea32cb0 flushing  nmethod 0x0000028bdfab0c90
Event: 489.135 Thread 0x0000028beea32cb0 flushing  nmethod 0x0000028bdfc38490
Event: 489.135 Thread 0x0000028beea32cb0 flushing  nmethod 0x0000028bdfc42790
Event: 489.135 Thread 0x0000028beea32cb0 flushing  nmethod 0x0000028bdfd21690
Event: 489.135 Thread 0x0000028beea32cb0 flushing  nmethod 0x0000028bdfef9210
Event: 489.135 Thread 0x0000028beea32cb0 flushing  nmethod 0x0000028bdfefb190
Event: 489.135 Thread 0x0000028beea32cb0 flushing  nmethod 0x0000028bdff00110
Event: 489.135 Thread 0x0000028beea32cb0 flushing  nmethod 0x0000028bdff04f90
Event: 489.135 Thread 0x0000028beea32cb0 flushing  nmethod 0x0000028be0124990
Event: 489.135 Thread 0x0000028beea32cb0 flushing  nmethod 0x0000028be015ef90

Events (20 events):
Event: 491.790 Thread 0x0000028bf6500980 Thread added: 0x0000028bfe07ff80
Event: 491.791 Thread 0x0000028bf6500980 Thread added: 0x0000028bfe07f260
Event: 491.791 Thread 0x0000028bf6500980 Thread added: 0x0000028bfe081330
Event: 491.791 Thread 0x0000028bf6500980 Thread added: 0x0000028bfe080610
Event: 491.791 Thread 0x0000028bf6500980 Thread added: 0x0000028bfe07deb0
Event: 491.791 Thread 0x0000028bf6500980 Thread added: 0x0000028bfe07ebd0
Event: 491.792 Thread 0x0000028bf6500980 Thread added: 0x0000028c01f49d10
Event: 491.792 Thread 0x0000028bf6500980 Thread added: 0x0000028c01f4aa30
Event: 491.792 Thread 0x0000028bf6500980 Thread added: 0x0000028c01f4b0c0
Event: 491.792 Thread 0x0000028bf6500980 Thread added: 0x0000028c01f4b750
Event: 491.796 Thread 0x0000028bf6500980 Thread added: 0x0000028c01f4cb00
Event: 491.796 Thread 0x0000028bf6500980 Thread added: 0x0000028c01f4d820
Event: 491.817 Thread 0x0000028bf6500980 Thread exited: 0x0000028bf6500980
Event: 491.817 Thread 0x0000028bf6501010 Thread exited: 0x0000028bf6501010
Event: 492.019 Thread 0x0000028bf93fdb30 Thread exited: 0x0000028bf93fdb30
Event: 492.866 Thread 0x0000028bf9400410 Thread exited: 0x0000028bf9400410
Event: 492.866 Thread 0x0000028bfe0510d0 Thread exited: 0x0000028bfe0510d0
Event: 493.542 Thread 0x0000028bfe04e7f0 Thread exited: 0x0000028bfe04e7f0
Event: 494.522 Thread 0x0000028c065621d0 Thread exited: 0x0000028c065621d0
Event: 494.522 Thread 0x0000028bfe04aaa0 Thread exited: 0x0000028bfe04aaa0


Dynamic libraries:
0x00007ff73ad10000 - 0x00007ff73ad1e000 	C:\Program Files\sts-4.30.0.RELEASE\plugins\org.eclipse.justj.openjdk.hotspot.jre.full.win32.x86_64_21.0.6.v20250130-0529\jre\bin\javaw.exe
0x00007ffb58880000 - 0x00007ffb58ae0000 	C:\WINDOWS\SYSTEM32\ntdll.dll
0x00007ffb569f0000 - 0x00007ffb56ab7000 	C:\WINDOWS\System32\KERNEL32.DLL
0x00007ffb56130000 - 0x00007ffb564fa000 	C:\WINDOWS\System32\KERNELBASE.dll
0x00007ffb55c90000 - 0x00007ffb55ddb000 	C:\WINDOWS\System32\ucrtbase.dll
0x00007ffb13ee0000 - 0x00007ffb13ef8000 	C:\Program Files\sts-4.30.0.RELEASE\plugins\org.eclipse.justj.openjdk.hotspot.jre.full.win32.x86_64_21.0.6.v20250130-0529\jre\bin\jli.dll
0x00007ffb567c0000 - 0x00007ffb5698c000 	C:\WINDOWS\System32\USER32.dll
0x00007ffb55c60000 - 0x00007ffb55c87000 	C:\WINDOWS\System32\win32u.dll
0x00007ffb57b70000 - 0x00007ffb57b9a000 	C:\WINDOWS\System32\GDI32.dll
0x00007ffb55ff0000 - 0x00007ffb56121000 	C:\WINDOWS\System32\gdi32full.dll
0x00007ffb55af0000 - 0x00007ffb55b93000 	C:\WINDOWS\System32\msvcp_win.dll
0x00007ffb407b0000 - 0x00007ffb40a47000 	C:\WINDOWS\WinSxS\amd64_microsoft.windows.common-controls_6595b64144ccf1df_6.0.26100.3624_none_3e086962e3345f24\COMCTL32.dll
0x00007ffb4c9d0000 - 0x00007ffb4c9ee000 	C:\Program Files\sts-4.30.0.RELEASE\plugins\org.eclipse.justj.openjdk.hotspot.jre.full.win32.x86_64_21.0.6.v20250130-0529\jre\bin\VCRUNTIME140.dll
0x00007ffb572d0000 - 0x00007ffb57379000 	C:\WINDOWS\System32\msvcrt.dll
0x00007ffb56710000 - 0x00007ffb5673f000 	C:\WINDOWS\System32\IMM32.DLL
0x00007ffb4e4c0000 - 0x00007ffb4e4cc000 	C:\Program Files\sts-4.30.0.RELEASE\plugins\org.eclipse.justj.openjdk.hotspot.jre.full.win32.x86_64_21.0.6.v20250130-0529\jre\bin\vcruntime140_1.dll
0x00007ffb388b0000 - 0x00007ffb3893d000 	C:\Program Files\sts-4.30.0.RELEASE\plugins\org.eclipse.justj.openjdk.hotspot.jre.full.win32.x86_64_21.0.6.v20250130-0529\jre\bin\msvcp140.dll
0x00007ffacc060000 - 0x00007ffaccdf0000 	C:\Program Files\sts-4.30.0.RELEASE\plugins\org.eclipse.justj.openjdk.hotspot.jre.full.win32.x86_64_21.0.6.v20250130-0529\jre\bin\server\jvm.dll
0x00007ffb57d60000 - 0x00007ffb57e12000 	C:\WINDOWS\System32\ADVAPI32.dll
0x00007ffb57f00000 - 0x00007ffb57fa6000 	C:\WINDOWS\System32\sechost.dll
0x00007ffb57040000 - 0x00007ffb57156000 	C:\WINDOWS\System32\RPCRT4.dll
0x00007ffb57160000 - 0x00007ffb571d4000 	C:\WINDOWS\System32\WS2_32.dll
0x00007ffb558d0000 - 0x00007ffb5592e000 	C:\WINDOWS\SYSTEM32\POWRPROF.dll
0x00007ffb4d600000 - 0x00007ffb4d60b000 	C:\WINDOWS\SYSTEM32\VERSION.dll
0x00007ffb50680000 - 0x00007ffb506b6000 	C:\WINDOWS\SYSTEM32\WINMM.dll
0x00007ffb558b0000 - 0x00007ffb558c4000 	C:\WINDOWS\SYSTEM32\UMPDC.dll
0x00007ffb54830000 - 0x00007ffb5484a000 	C:\WINDOWS\SYSTEM32\kernel.appcore.dll
0x00007ffb4c610000 - 0x00007ffb4c61a000 	C:\Program Files\sts-4.30.0.RELEASE\plugins\org.eclipse.justj.openjdk.hotspot.jre.full.win32.x86_64_21.0.6.v20250130-0529\jre\bin\jimage.dll
0x00007ffb53120000 - 0x00007ffb53361000 	C:\WINDOWS\SYSTEM32\DBGHELP.DLL
0x00007ffb57540000 - 0x00007ffb578c2000 	C:\WINDOWS\System32\combase.dll
0x00007ffb57e20000 - 0x00007ffb57ef6000 	C:\WINDOWS\System32\OLEAUT32.dll
0x00007ffb435e0000 - 0x00007ffb43619000 	C:\WINDOWS\SYSTEM32\dbgcore.DLL
0x00007ffb55de0000 - 0x00007ffb55e79000 	C:\WINDOWS\System32\bcryptPrimitives.dll
0x00007ffb4fc80000 - 0x00007ffb4fcbc000 	C:\Program Files\sts-4.30.0.RELEASE\plugins\org.eclipse.justj.openjdk.hotspot.jre.full.win32.x86_64_21.0.6.v20250130-0529\jre\bin\jdwp.dll
0x00007ffb4b930000 - 0x00007ffb4b93f000 	C:\Program Files\sts-4.30.0.RELEASE\plugins\org.eclipse.justj.openjdk.hotspot.jre.full.win32.x86_64_21.0.6.v20250130-0529\jre\bin\instrument.dll
0x00007ffb24000000 - 0x00007ffb2401f000 	C:\Program Files\sts-4.30.0.RELEASE\plugins\org.eclipse.justj.openjdk.hotspot.jre.full.win32.x86_64_21.0.6.v20250130-0529\jre\bin\java.dll
0x00007ffb58110000 - 0x00007ffb58839000 	C:\WINDOWS\System32\SHELL32.dll
0x00007ffb55e80000 - 0x00007ffb55fe8000 	C:\WINDOWS\System32\wintypes.dll
0x00007ffb536c0000 - 0x00007ffb53f12000 	C:\WINDOWS\SYSTEM32\windows.storage.dll
0x00007ffb56f50000 - 0x00007ffb5703d000 	C:\WINDOWS\System32\SHCORE.dll
0x00007ffb56750000 - 0x00007ffb567b4000 	C:\WINDOWS\System32\shlwapi.dll
0x00007ffb55970000 - 0x00007ffb5599f000 	C:\WINDOWS\SYSTEM32\profapi.dll
0x00007ffb0e410000 - 0x00007ffb0e428000 	C:\Program Files\sts-4.30.0.RELEASE\plugins\org.eclipse.justj.openjdk.hotspot.jre.full.win32.x86_64_21.0.6.v20250130-0529\jre\bin\zip.dll
0x00007ffb4fc40000 - 0x00007ffb4fc4b000 	C:\Program Files\sts-4.30.0.RELEASE\plugins\org.eclipse.justj.openjdk.hotspot.jre.full.win32.x86_64_21.0.6.v20250130-0529\jre\bin\dt_socket.dll
0x00007ffb54230000 - 0x00007ffb54263000 	C:\WINDOWS\SYSTEM32\IPHLPAPI.DLL
0x00007ffb54d30000 - 0x00007ffb54d9a000 	C:\WINDOWS\system32\mswsock.dll
0x00007ffb542c0000 - 0x00007ffb543e5000 	C:\WINDOWS\SYSTEM32\DNSAPI.dll
0x00007ffb578d0000 - 0x00007ffb578da000 	C:\WINDOWS\System32\NSI.dll
0x00007ffb4b9f0000 - 0x00007ffb4b9fb000 	C:\Windows\System32\rasadhlp.dll
0x00007ffb4c3e0000 - 0x00007ffb4c465000 	C:\WINDOWS\System32\fwpuclnt.dll
0x00007ffb4ad40000 - 0x00007ffb4ad50000 	C:\Program Files\sts-4.30.0.RELEASE\plugins\org.eclipse.justj.openjdk.hotspot.jre.full.win32.x86_64_21.0.6.v20250130-0529\jre\bin\net.dll
0x00007ffb4d380000 - 0x00007ffb4d49d000 	C:\WINDOWS\SYSTEM32\WINHTTP.dll
0x00007ffb03390000 - 0x00007ffb033a6000 	C:\Program Files\sts-4.30.0.RELEASE\plugins\org.eclipse.justj.openjdk.hotspot.jre.full.win32.x86_64_21.0.6.v20250130-0529\jre\bin\nio.dll
0x00007ffb3af30000 - 0x00007ffb3af40000 	C:\Program Files\sts-4.30.0.RELEASE\plugins\org.eclipse.justj.openjdk.hotspot.jre.full.win32.x86_64_21.0.6.v20250130-0529\jre\bin\verify.dll
0x00007ffb4ca00000 - 0x00007ffb4ca0a000 	C:\Program Files\sts-4.30.0.RELEASE\plugins\org.eclipse.justj.openjdk.hotspot.jre.full.win32.x86_64_21.0.6.v20250130-0529\jre\bin\management.dll
0x00007ffb4c9c0000 - 0x00007ffb4c9cb000 	C:\Program Files\sts-4.30.0.RELEASE\plugins\org.eclipse.justj.openjdk.hotspot.jre.full.win32.x86_64_21.0.6.v20250130-0529\jre\bin\management_ext.dll
0x00007ffb56680000 - 0x00007ffb56688000 	C:\WINDOWS\System32\PSAPI.DLL
0x00007ffb52820000 - 0x00007ffb5282e000 	C:\Program Files\sts-4.30.0.RELEASE\plugins\org.eclipse.justj.openjdk.hotspot.jre.full.win32.x86_64_21.0.6.v20250130-0529\jre\bin\sunmscapi.dll
0x00007ffb56500000 - 0x00007ffb56677000 	C:\WINDOWS\System32\CRYPT32.dll
0x00007ffb551c0000 - 0x00007ffb551f0000 	C:\WINDOWS\SYSTEM32\ncrypt.dll
0x00007ffb55170000 - 0x00007ffb551af000 	C:\WINDOWS\SYSTEM32\NTASN1.dll
0x00007ffb55070000 - 0x00007ffb5508c000 	C:\WINDOWS\SYSTEM32\CRYPTSP.dll
0x00007ffb54790000 - 0x00007ffb547ca000 	C:\WINDOWS\system32\rsaenh.dll
0x00007ffb54dd0000 - 0x00007ffb54dfb000 	C:\WINDOWS\SYSTEM32\USERENV.dll
0x00007ffb55940000 - 0x00007ffb55966000 	C:\WINDOWS\SYSTEM32\bcrypt.dll
0x00007ffb55050000 - 0x00007ffb5505c000 	C:\WINDOWS\SYSTEM32\CRYPTBASE.dll
0x00007ffb4c9b0000 - 0x00007ffb4c9b9000 	C:\Program Files\sts-4.30.0.RELEASE\plugins\org.eclipse.justj.openjdk.hotspot.jre.full.win32.x86_64_21.0.6.v20250130-0529\jre\bin\extnet.dll
0x00007ffb389d0000 - 0x00007ffb389d8000 	C:\WINDOWS\system32\wshunix.dll

dbghelp: loaded successfully - version: 4.0.5 - missing functions: none
symbol engine: initialized successfully - sym options: 0x614 - pdb path: .;C:\Program Files\sts-4.30.0.RELEASE\plugins\org.eclipse.justj.openjdk.hotspot.jre.full.win32.x86_64_21.0.6.v20250130-0529\jre\bin;C:\WINDOWS\SYSTEM32;C:\WINDOWS\WinSxS\amd64_microsoft.windows.common-controls_6595b64144ccf1df_6.0.26100.3624_none_3e086962e3345f24;C:\Program Files\sts-4.30.0.RELEASE\plugins\org.eclipse.justj.openjdk.hotspot.jre.full.win32.x86_64_21.0.6.v20250130-0529\jre\bin\server

VM Arguments:
jvm_args: -XX:+ShowCodeDetailsInExceptionMessages -agentlib:jdwp=transport=dt_socket,suspend=y,address=localhost:63230 -javaagent:C:\Program Files\sts-4.30.0.RELEASE\configuration\org.eclipse.osgi\270\0\.cp\lib\javaagent-shaded.jar -Dfile.encoding=UTF-8 -Dstdout.encoding=UTF-8 -Dstderr.encoding=UTF-8 
java_command: com.kandarp.salon.SalonServiceApplication
java_class_path (initial): D:\salon-marketplace\salon-backend\salon-service\target\test-classes;D:\salon-marketplace\salon-backend\salon-service\target\classes;C:\Users\kanda\.m2\repository\org\springframework\boot\spring-boot-starter-actuator\3.4.5\spring-boot-starter-actuator-3.4.5.jar;C:\Users\kanda\.m2\repository\org\springframework\boot\spring-boot-actuator-autoconfigure\3.4.5\spring-boot-actuator-autoconfigure-3.4.5.jar;C:\Users\kanda\.m2\repository\org\springframework\boot\spring-boot-actuator\3.4.5\spring-boot-actuator-3.4.5.jar;C:\Users\kanda\.m2\repository\com\fasterxml\jackson\core\jackson-databind\2.18.3\jackson-databind-2.18.3.jar;C:\Users\kanda\.m2\repository\com\fasterxml\jackson\datatype\jackson-datatype-jsr310\2.18.3\jackson-datatype-jsr310-2.18.3.jar;C:\Users\kanda\.m2\repository\io\micrometer\micrometer-observation\1.14.6\micrometer-observation-1.14.6.jar;C:\Users\kanda\.m2\repository\io\micrometer\micrometer-commons\1.14.6\micrometer-commons-1.14.6.jar;C:\Users\kanda\.m2\repository\io\micrometer\micrometer-jakarta9\1.14.6\micrometer-jakarta9-1.14.6.jar;C:\Users\kanda\.m2\repository\io\micrometer\micrometer-core\1.14.6\micrometer-core-1.14.6.jar;C:\Users\kanda\.m2\repository\org\hdrhistogram\HdrHistogram\2.2.2\HdrHistogram-2.2.2.jar;C:\Users\kanda\.m2\repository\org\latencyutils\LatencyUtils\2.0.3\LatencyUtils-2.0.3.jar;C:\Users\kanda\.m2\repository\org\springframework\boot\spring-boot-starter-data-jpa\3.4.5\spring-boot-starter-data-jpa-3.4.5.jar;C:\Users\kanda\.m2\repository\org\springframework\boot\spring-boot-starter-jdbc\3.4.5\spring-boot-starter-jdbc-3.4.5.jar;C:\Users\kanda\.m2\repository\com\zaxxer\HikariCP\5.1.0\HikariCP-5.1.0.jar;C:\Users\kanda\.m2\repository\org\springframework\spring-jdbc\6.2.6\spring-jdbc-6.2.6.jar;C:\Users\kanda\.m2\repository\org\hibernate\orm\hibernate-core\6.6.13.Final\hibernate-core-6.6.13.Final.jar;C:\Users\kanda\.m2\repository\jakarta\persistence\jakarta.persistence-api\3.1.0\jakarta.persistence-api-3.1.0.jar;C:\Users\kanda\.m2\repository\jakarta\transaction\jakarta.transaction-api\2.0.1\jakarta.transaction-api-2.0.1.jar;C:\Users\kanda\.m2\repository\org\jboss\logging\jboss-logging\3.6.1.Final\jboss-logging-3.6.1.Final.jar;C:\Users\kanda\.m2\repository\org\hibernate\common\hibernate-commons-annotations\7.0.3.Final\hibernate-commons-annotations-7.0.3.Final.jar;C:\Users\kanda\.m2\repository\io\smallrye\jandex\3.2.0\jandex-3.2.0.jar;C:\Users\kanda\.m2\repository\com\fasterxml\classmate\1.7.0\classmate-1.7.0.jar;C:\Users\kanda\.m2\repository\net\bytebuddy\byte-buddy\1.15.11\byte-buddy-1.15.11.jar;C:\Users\kanda\.m2\repository\org\glassfish\jaxb\jaxb-runtime\4.0.5\jaxb-runtime-4.0.5.jar;C:\Users\kanda\.m2\repository\org\glassfish\jaxb\jaxb-core\4.0.5\jaxb-core-4.0.5.jar;C:\Users\kanda\.m2\repository\org\eclipse\angus\angus-activation\2.0.2\angus-activation-2.0.2.jar;C:\Users\kanda\.m2\repository\org\glassfish\jaxb\txw2\4.0.5\txw2-4.0.5.jar;C:\Users\kanda\.m2\repository\com\sun\istack\istack-commons-runtime\4.1.2\istack-commons-runtime-4.1.2.jar;C:\Users\kanda\.m2\repository\jakarta\inject\jakarta.inject-api\2.0.1\jakarta.inject-api-2.0.1.jar;C:\Users\kanda\.m2\repository\org\antlr\antlr4-runtime\4.13.0\antlr4-runtime-4.13.0.jar;C:\Users\kanda\.m2\repository\org\springframework\data\spring-data-jpa\3.4.5\spring-data-jpa-3.4.5.jar;C:\Users\kanda\.m2\repository\org\springframework\data\spring-data-commons\3.4.5\spring-data-commons-3.4.5.jar;C:\Users\kanda\.m2\repository\org\springframework\spring-orm\6.2.6\spring-orm-6.2.6.jar;C:\Users\kanda\.m2\repository\org\springframework\spring-context\6.2.6\spring-context-6.2.6.jar;C:\Users\kanda\.m2\repository\org\springframework\spring-tx\6.2.6\spring-tx-6.2.6.jar;C:\Users\kanda\.m2\repository\org\springframework\spring-beans\6.2.6\spring-beans-6.2.6.jar;C:\Users\kanda\.m2\repository\org\slf4j\slf4j-api\2.0.17\slf4j-api-2.0.17.jar;C:\Users\kanda\.m2\repository\org\springframework\spring-aspects\6.2.6\spring-aspects-6.2.6.jar;C:\Users\kanda\.m2\repository\org\aspectj\aspectjweaver\1.9.24\aspectjweaver-1.9.24.jar;C:\Users\kanda\.m2\repository\org\springframework\boot\spring-boot-starter-security\3.4.5\spring-boot-starter-security-3.4.5.jar;C:\Users\kanda\.m2\repository\org\springframework\spring-aop\6.2.6\spring-aop-6.2.6.jar;C:\Users\kanda\.m2\repository\org\springframework\security\spring-security-config\6.4.5\spring-security-config-6.4.5.jar;C:\Users\kanda\.m2\repository\org\springframework\security\spring-security-web\6.4.5\spring-security-web-6.4.5.jar;C:\Users\kanda\.m2\repository\org\springframework\spring-expression\6.2.6\spring-expression-6.2.6.jar;C:\Users\kanda\.m2\repository\org\springframework\boot\spring-boot-starter-validation\3.4.5\spring-boot-starter-validation-3.4.5.jar;C:\Users\kanda\.m2\repository\org\apache\tomcat\embed\tomcat-embed-el\10.1.40\tomcat-embed-el-10.1.40.jar;C:\Users\kanda\.m2\repository\org\hibernate\validator\hibernate-validator\8.0.2.Final\hibernate-validator-8.0.2.Final.jar;C:\Users\kanda\.m2\repository\jakarta\validation\jakarta.validation-api\3.0.2\jakarta.validation-api-3.0.2.jar;C:\Users\kanda\.m2\repository\org\springframework\cloud\spring-cloud-starter-netflix-eureka-client\4.2.1\spring-cloud-starter-netflix-eureka-client-4.2.1.jar;C:\Users\kanda\.m2\repository\org\springframework\cloud\spring-cloud-starter\4.2.1\spring-cloud-starter-4.2.1.jar;C:\Users\kanda\.m2\repository\org\springframework\cloud\spring-cloud-context\4.2.1\spring-cloud-context-4.2.1.jar;C:\Users\kanda\.m2\repository\org\bouncycastle\bcprov-jdk18on\1.78.1\bcprov-jdk18on-1.78.1.jar;C:\Users\kanda\.m2\repository\org\springframework\cloud\spring-cloud-netflix-eureka-client\4.2.1\spring-cloud-netflix-eureka-client-4.2.1.jar;C:\Users\kanda\.m2\repository\org\apache\httpcomponents\client5\httpclient5\5.4.3\httpclient5-5.4.3.jar;C:\Users\kanda\.m2\repository\org\apache\httpcomponents\core5\httpcore5\5.3.4\httpcore5-5.3.4.jar;C:\Users\kanda\.m2\repository\org\apache\httpcomponents\core5\httpcore5-h2\5.3.4\httpcore5-h2-5.3.4.jar;C:\Users\kanda\.m2\repository\com\netflix\eureka\eureka-client\2.0.4\eureka-client-2.0.4.jar;C:\Users\kanda\.m2\repository\com\thoughtworks\xstream\xstream\1.4.20\xstream-1.4.20.jar;C:\Users\kanda\.m2\repository\io\github\x-stream\mxparser\1.2.2\mxparser-1.2.2.jar;C:\Users\kanda\.m2\repository\xmlpull\xmlpull\1.1.3.1\xmlpull-1.1.3.1.jar;C:\Users\kanda\.m2\repository\jakarta\ws\rs\jakarta.ws.rs-api\3.1.0\jakarta.ws.rs-api-3.1.0.jar;C:\Users\kanda\.m2\repository\com\netflix\spectator\spectator-api\1.7.3\spectator-api-1.7.3.jar;C:\Users\kanda\.m2\repository\org\apache\httpcomponents\httpclient\4.5.3\httpclient-4.5.3.jar;C:\Users\kanda\.m2\repository\org\apache\httpcomponents\httpcore\4.4.16\httpcore-4.4.16.jar;C:\Users\kanda\.m2\repository\commons-codec\commons-codec\1.17.2\commons-codec-1.17.2.jar;C:\Users\kanda\.m2\repository\commons-configuration\commons-configuration\1.10\commons-configuration-1.10.jar;C:\Users\kanda\.m2\repository\commons-lang\commons-lang\2.6\commons-lang-2.6.jar;C:\Users\kanda\.m2\repository\com\fasterxml\jackson\core\jackson-annotations\2.18.3\jackson-annotations-2.18.3.jar;C:\Users\kanda\.m2\repository\com\fasterxml\jackson\core\jackson-core\2.18.3\jackson-core-2.18.3.jar;C:\Users\kanda\.m2\repository\com\netflix\netflix-commons\netflix-eventbus\0.3.0\netflix-eventbus-0.3.0.jar;C:\Users\kanda\.m2\repository\com\netflix\netflix-commons\netflix-infix\0.3.0\netflix-infix-0.3.0.jar;C:\Users\kanda\.m2\repository\commons-jxpath\commons-jxpath\1.3\commons-jxpath-1.3.jar;C:\Users\kanda\.m2\repository\joda-time\joda-time\2.3\joda-time-2.3.jar;C:\Users\kanda\.m2\repository\org\antlr\antlr-runtime\3.4\antlr-runtime-3.4.jar;C:\Users\kanda\.m2\repository\org\antlr\stringtemplate\3.2.1\stringtemplate-3.2.1.jar;C:\Users\kanda\.m2\repository\antlr\antlr\2.7.7\antlr-2.7.7.jar;C:\Users\kanda\.m2\repository\com\google\guava\guava\14.0.1\guava-14.0.1.jar;C:\Users\kanda\.m2\repository\com\google\code\gson\gson\2.11.0\gson-2.11.0.jar;C:\Users\kanda\.m2\repository\com\google\errorprone\error_prone_annotations\2.27.0\error_prone_annotations-2.27.0.jar;C:\Users\kanda\.m2\repository\com\netflix\servo\servo-core\0.5.3\servo-core-0.5.3.jar;C:\Users\kanda\.m2\repository\org\apache\commons\commons-math\2.2\commons-math-2.2.jar;C:\Users\kanda\.m2\repository\javax\annotation\javax.annotation-api\1.2\javax.annotation-api-1.2.jar;C:\Users\kanda\.m2\repository\org\codehaus\jettison\jettison\1.5.4\jettison-1.5.4.jar;C:\Users\kanda\.m2\repository\org\springframework\cloud\spring-cloud-starter-loadbalancer\4.2.1\spring-cloud-starter-loadbalancer-4.2.1.jar;C:\Users\kanda\.m2\repository\org\springframework\cloud\spring-cloud-loadbalancer\4.2.1\spring-cloud-loadbalancer-4.2.1.jar;C:\Users\kanda\.m2\repository\io\projectreactor\reactor-core\3.7.5\reactor-core-3.7.5.jar;C:\Users\kanda\.m2\repository\org\reactivestreams\reactive-streams\1.0.4\reactive-streams-1.0.4.jar;C:\Users\kanda\.m2\repository\io\projectreactor\addons\reactor-extra\3.5.2\reactor-extra-3.5.2.jar;C:\Users\kanda\.m2\repository\org\springframework\boot\spring-boot-starter-cache\3.4.5\spring-boot-starter-cache-3.4.5.jar;C:\Users\kanda\.m2\repository\org\springframework\spring-context-support\6.2.6\spring-context-support-6.2.6.jar;C:\Users\kanda\.m2\repository\com\stoyanr\evictor\1.0.0\evictor-1.0.0.jar;C:\Users\kanda\.m2\repository\org\springframework\boot\spring-boot-devtools\3.4.5\spring-boot-devtools-3.4.5.jar;C:\Users\kanda\.m2\repository\org\springframework\boot\spring-boot\3.4.5\spring-boot-3.4.5.jar;C:\Users\kanda\.m2\repository\org\springframework\boot\spring-boot-autoconfigure\3.4.5\spring-boot-autoconfigure-3.4.5.jar;C:\Users\kanda\.m2\repository\com\mysql\mysql-connector-j\9.1.0\mysql-connector-j-9.1.0.jar;D:\salon-marketplace\salon-backend\shared-module\target\classes;C:\Users\kanda\.m2\repository\org\springframework\boot\spring-boot-starter-test\3.4.5\spring-boot-starter-test-3.4.5.jar;C:\Users\kanda\.m2\repository\org\springframework\boot\spring-boot-test\3.4.5\spring-boot-test-3.4.5.jar;C:\Users\kanda\.m2\repository\org\springframework\boot\spring-boot-test-autoconfigure\3.4.5\spring-boot-test-autoconfigure-3.4.5.jar;C:\Users\kanda\.m2\repository\com\jayway\jsonpath\json-path\2.9.0\json-path-2.9.0.jar;C:\Users\kanda\.m2\repository\jakarta\xml\bind\jakarta.xml.bind-api\4.0.2\jakarta.xml.bind-api-4.0.2.jar;C:\Users\kanda\.m2\repository\jakarta\activation\jakarta.activation-api\2.1.3\jakarta.activation-api-2.1.3.jar;C:\Users\kanda\.m2\repository\net\minidev\json-smart\2.5.2\json-smart-2.5.2.jar;C:\Users\kanda\.m2\repository\net\minidev\accessors-smart\2.5.2\accessors-smart-2.5.2.jar;C:\Users\kanda\.m2\repository\org\ow2\asm\asm\9.7.1\asm-9.7.1.jar;C:\Users\kanda\.m2\repository\org\assertj\assertj-core\3.26.3\assertj-core-3.26.3.jar;C:\Users\kanda\.m2\repository\org\awaitility\awaitility\4.2.2\awaitility-4.2.2.jar;C:\Users\kanda\.m2\repository\org\hamcrest\hamcrest\2.2\hamcrest-2.2.jar;C:\Users\kanda\.m2\repository\org\junit\jupiter\junit-jupiter\5.11.4\junit-jupiter-5.11.4.jar;C:\Users\kanda\.m2\repository\org\junit\jupiter\junit-jupiter-api\5.11.4\junit-jupiter-api-5.11.4.jar;C:\Users\kanda\.m2\repository\org\opentest4j\opentest4j\1.3.0\opentest4j-1.3.0.jar;C:\Users\kanda\.m2\repository\org\junit\platform\junit-platform-commons\1.11.4\junit-platform-commons-1.11.4.jar;C:\Users\kanda\.m2\repository\org\apiguardian\apiguardian-api\1.1.2\apiguardian-api-1.1.2.jar;C:\Users\kanda\.m2\repository\org\junit\jupiter\junit-jupiter-params\5.11.4\junit-jupiter-params-5.11.4.jar;C:\Users\kanda\.m2\repository\org\junit\jupiter\junit-jupiter-engine\5.11.4\junit-jupiter-engine-5.11.4.jar;C:\Users\kanda\.m2\repository\org\junit\platform\junit-platform-engine\1.11.4\junit-platform-engine-1.11.4.jar;C:\Users\kanda\.m2\repository\org\mockito\mockito-core\5.14.2\mockito-core-5.14.2.jar;C:\Users\kanda\.m2\repository\net\bytebuddy\byte-buddy-agent\1.15.11\byte-buddy-agent-1.15.11.jar;C:\Users\kanda\.m2\repository\org\objenesis\objenesis\3.3\objenesis-3.3.jar;C:\Users\kanda\.m2\repository\org\mockito\mockito-junit-jupiter\5.14.2\mockito-junit-jupiter-5.14.2.jar;C:\Users\kanda\.m2\repository\org\skyscreamer\jsonassert\1.5.3\jsonassert-1.5.3.jar;C:\Users\kanda\.m2\repository\com\vaadin\external\google\android-json\0.0.20131108.vaadin1\android-json-0.0.20131108.vaadin1.jar;C:\Users\kanda\.m2\repository\org\springframework\spring-core\6.2.6\spring-core-6.2.6.jar;C:\Users\kanda\.m2\repository\org\springframework\spring-jcl\6.2.6\spring-jcl-6.2.6.jar;C:\Users\kanda\.m2\repository\org\springframework\spring-test\6.2.6\spring-test-6.2.6.jar;C:\Users\kanda\.m2\repository\org\xmlunit\xmlunit-core\2.10.0\xmlunit-core-2.10.0.jar;C:\Users\kanda\.m2\repository\org\springframework\security\spring-security-test\6.4.5\spring-security-test-6.4.5.jar;C:\Users\kanda\.m2\repository\org\springframework\security\spring-security-core\6.4.5\spring-security-core-6.4.5.jar;C:\Users\kanda\.m2\repository\org\springframework\security\spring-security-crypto\6.4.5\spring-security-crypto-6.4.5.jar;C:\Users\kanda\.m2\repository\org\springframework\cloud\spring-cloud-starter-openfeign\4.2.1\spring-cloud-starter-openfeign-4.2.1.jar;C:\Users\kanda\.m2\repository\org\springframework\cloud\spring-cloud-openfeign-core\4.2.1\spring-cloud-openfeign-core-4.2.1.jar;C:\Users\kanda\.m2\repository\io\github\openfeign\feign-form-spring\13.5\feign-form-spring-13.5.jar;C:\Users\kanda\.m2\repository\io\github\openfeign\feign-form\13.5\feign-form-13.5.jar;C:\Users\kanda\.m2\repository\commons-fileupload\commons-fileupload\1.5\commons-fileupload-1.5.jar;C:\Users\kanda\.m2\repository\org\springframework\spring-web\6.2.6\spring-web-6.2.6.jar;C:\Users\kanda\.m2\repository\org\springframework\cloud\spring-cloud-commons\4.2.1\spring-cloud-commons-4.2.1.jar;C:\Users\kanda\.m2\repository\io\github\openfeign\feign-core\13.5\feign-core-13.5.jar;C:\Users\kanda\.m2\repository\io\github\openfeign\feign-slf4j\13.5\feign-slf4j-13.5.jar;C:\Users\kanda\.m2\repository\org\springframework\boot\spring-boot-starter-oauth2-resource-server\3.4.5\spring-boot-starter-oauth2-resource-server-3.4.5.jar;C:\Users\kanda\.m2\repository\org\springframework\security\spring-security-oauth2-resource-server\6.4.5\spring-security-oauth2-resource-server-6.4.5.jar;C:\Users\kanda\.m2\repository\org\springframework\security\spring-security-oauth2-core\6.4.5\spring-security-oauth2-core-6.4.5.jar;C:\Users\kanda\.m2\repository\org\springframework\security\spring-security-oauth2-jose\6.4.5\spring-security-oauth2-jose-6.4.5.jar;C:\Users\kanda\.m2\repository\com\nimbusds\nimbus-jose-jwt\9.37.3\nimbus-jose-jwt-9.37.3.jar;C:\Users\kanda\.m2\repository\com\github\stephenc\jcip\jcip-annotations\1.0-1\jcip-annotations-1.0-1.jar;C:\Users\kanda\.m2\repository\org\springframework\boot\spring-boot-starter-web\3.4.5\spring-boot-starter-web-3.4.5.jar;C:\Users\kanda\.m2\repository\org\springframework\boot\spring-boot-starter-json\3.4.5\spring-boot-starter-json-3.4.5.jar;C:\Users\kanda\.m2\repository\com\fasterxml\jackson\datatype\jackson-datatype-jdk8\2.18.3\jackson-datatype-jdk8-2.18.3.jar;C:\Users\kanda\.m2\repository\com\fasterxml\jackson\module\jackson-module-parameter-names\2.18.3\jackson-module-parameter-names-2.18.3.jar;C:\Users\kanda\.m2\repository\org\springframework\boot\spring-boot-starter-tomcat\3.4.5\spring-boot-starter-tomcat-3.4.5.jar;C:\Users\kanda\.m2\repository\org\apache\tomcat\embed\tomcat-embed-core\10.1.40\tomcat-embed-core-10.1.40.jar;C:\Users\kanda\.m2\repository\org\apache\tomcat\embed\tomcat-embed-websocket\10.1.40\tomcat-embed-websocket-10.1.40.jar;C:\Users\kanda\.m2\repository\org\springframework\spring-webmvc\6.2.6\spring-webmvc-6.2.6.jar;C:\Users\kanda\.m2\repository\org\springframework\cloud\spring-cloud-starter-circuitbreaker-resilience4j\3.2.1\spring-cloud-starter-circuitbreaker-resilience4j-3.2.1.jar;C:\Users\kanda\.m2\repository\org\springframework\cloud\spring-cloud-circuitbreaker-resilience4j\3.2.1\spring-cloud-circuitbreaker-resilience4j-3.2.1.jar;C:\Users\kanda\.m2\repository\io\github\resilience4j\resilience4j-spring-boot3\2.2.0\resilience4j-spring-boot3-2.2.0.jar;C:\Users\kanda\.m2\repository\io\github\resilience4j\resilience4j-spring6\2.2.0\resilience4j-spring6-2.2.0.jar;C:\Users\kanda\.m2\repository\io\github\resilience4j\resilience4j-annotations\2.2.0\resilience4j-annotations-2.2.0.jar;C:\Users\kanda\.m2\repository\io\github\resilience4j\resilience4j-consumer\2.2.0\resilience4j-consumer-2.2.0.jar;C:\Users\kanda\.m2\repository\io\github\resilience4j\resilience4j-circularbuffer\2.2.0\resilience4j-circularbuffer-2.2.0.jar;C:\Users\kanda\.m2\repository\io\github\resilience4j\resilience4j-framework-common\2.2.0\resilience4j-framework-common-2.2.0.jar;C:\Users\kanda\.m2\repository\io\github\resilience4j\resilience4j-micrometer\2.2.0\resilience4j-micrometer-2.2.0.jar;C:\Users\kanda\.m2\repository\io\github\resilience4j\resilience4j-retry\2.2.0\resilience4j-retry-2.2.0.jar;C:\Users\kanda\.m2\repository\io\github\resilience4j\resilience4j-ratelimiter\2.2.0\resilience4j-ratelimiter-2.2.0.jar;C:\Users\kanda\.m2\repository\org\springframework\boot\spring-boot-configuration-processor\3.4.5\spring-boot-configuration-processor-3.4.5.jar;C:\Users\kanda\.m2\repository\io\github\resilience4j\resilience4j-circuitbreaker\2.2.0\resilience4j-circuitbreaker-2.2.0.jar;C:\Users\kanda\.m2\repository\io\github\resilience4j\resilience4j-core\2.2.0\resilience4j-core-2.2.0.jar;C:\Users\kanda\.m2\repository\io\github\resilience4j\resilience4j-timelimiter\2.2.0\resilience4j-timelimiter-2.2.0.jar;C:\Users\kanda\.m2\repository\org\springframework\boot\spring-boot-starter\3.4.5\spring-boot-starter-3.4.5.jar;C:\Users\kanda\.m2\repository\org\springframework\boot\spring-boot-starter-logging\3.4.5\spring-boot-starter-logging-3.4.5.jar;C:\Users\kanda\.m2\repository\ch\qos\logback\logback-classic\1.5.18\logback-classic-1.5.18.jar;C:\Users\kanda\.m2\repository\ch\qos\logback\logback-core\1.5.18\logback-core-1.5.18.jar;C:\Users\kanda\.m2\repository\org\apache\logging\log4j\log4j-to-slf4j\2.24.3\log4j-to-slf4j-2.24.3.jar;C:\Users\kanda\.m2\repository\org\apache\logging\log4j\log4j-api\2.24.3\log4j-api-2.24.3.jar;C:\Users\kanda\.m2\repository\org\slf4j\jul-to-slf4j\2.0.17\jul-to-slf4j-2.0.17.jar;C:\Users\kanda\.m2\repository\jakarta\annotation\jakarta.annotation-api\2.1.1\jakarta.annotation-api-2.1.1.jar;C:\Users\kanda\.m2\repository\org\yaml\snakeyaml\2.3\snakeyaml-2.3.jar;C:\Users\kanda\.m2\repository\org\projectlombok\lombok\1.18.38\lombok-1.18.38.jar
Launcher Type: SUN_STANDARD

[Global flags]
     intx CICompilerCount                          = 12                                        {product} {ergonomic}
     uint ConcGCThreads                            = 4                                         {product} {ergonomic}
     uint G1ConcRefinementThreads                  = 16                                        {product} {ergonomic}
   size_t G1HeapRegionSize                         = 8388608                                   {product} {ergonomic}
    uintx GCDrainStackTargetSize                   = 64                                        {product} {ergonomic}
   size_t InitialHeapSize                          = 1065353216                                {product} {ergonomic}
   size_t MarkStackSize                            = 4194304                                   {product} {ergonomic}
   size_t MaxHeapSize                              = 17028874240                               {product} {ergonomic}
   size_t MaxNewSize                               = 10217324544                               {product} {ergonomic}
   size_t MinHeapDeltaBytes                        = 8388608                                   {product} {ergonomic}
   size_t MinHeapSize                              = 8388608                                   {product} {ergonomic}
    uintx NonNMethodCodeHeapSize                   = 7602480                                {pd product} {ergonomic}
    uintx NonProfiledCodeHeapSize                  = 122027880                              {pd product} {ergonomic}
    uintx ProfiledCodeHeapSize                     = 122027880                              {pd product} {ergonomic}
    uintx ReservedCodeCacheSize                    = 251658240                              {pd product} {ergonomic}
     bool SegmentedCodeCache                       = true                                      {product} {ergonomic}
     bool ShowCodeDetailsInExceptionMessages       = true                                   {manageable} {command line}
   size_t SoftMaxHeapSize                          = 17028874240                            {manageable} {ergonomic}
     bool UseCompressedOops                        = true                           {product lp64_product} {ergonomic}
     bool UseG1GC                                  = true                                      {product} {ergonomic}
     bool UseLargePagesIndividualAllocation        = false                                  {pd product} {ergonomic}

Logging:
Log output configuration:
 #0: stdout all=warning uptime,level,tags foldmultilines=false
 #1: stderr all=off uptime,level,tags foldmultilines=false

Environment Variables:
JAVA_HOME=C:\Program Files\Amazon Corretto\jdk21.0.7_6
PATH=C:\Program Files\sts-4.30.0.RELEASE\plugins\org.eclipse.justj.openjdk.hotspot.jre.full.win32.x86_64_21.0.6.v20250130-0529\jre\bin;C:/Program Files/sts-4.30.0.RELEASE//plugins/org.eclipse.justj.openjdk.hotspot.jre.full.win32.x86_64_21.0.6.v20250130-0529/jre/bin/server;C:/Program Files/sts-4.30.0.RELEASE//plugins/org.eclipse.justj.openjdk.hotspot.jre.full.win32.x86_64_21.0.6.v20250130-0529/jre/bin;C:\Program Files\Amazon Corretto\jdk21.0.7_6\bin;C:\WINDOWS\system32;C:\WINDOWS;C:\WINDOWS\System32\Wbem;C:\WINDOWS\System32\WindowsPowerShell\v1.0\;C:\WINDOWS\System32\OpenSSH\;C:\Program Files\Docker\Docker\resources\bin;C:\Program Files\Git\cmd;C:\Program Files\nodejs\;C:\Users\kanda\AppData\Local\Microsoft\WindowsApps;C:\Users\kanda\AppData\Local\Programs\Microsoft VS Code\bin;C:\Users\kanda\AppData\Roaming\npm;;C:\Program Files\sts-4.30.0.RELEASE;
USERNAME=kanda
OS=Windows_NT
PROCESSOR_IDENTIFIER=Intel64 Family 6 Model 170 Stepping 4, GenuineIntel
TMP=C:\Users\kanda\AppData\Local\Temp
TEMP=C:\Users\kanda\AppData\Local\Temp




Periodic native trim disabled

---------------  S Y S T E M  ---------------

OS:
 Windows 11 , 64 bit Build 26100 (10.0.26100.3775)
OS uptime: 2 days 15:44 hours
Hyper-V role detected

CPU: total 22 (initial active 22) (11 cores per cpu, 2 threads per core) family 6 model 170 stepping 4 microcode 0x20, cx8, cmov, fxsr, ht, mmx, 3dnowpref, sse, sse2, sse3, ssse3, sse4.1, sse4.2, popcnt, lzcnt, tsc, tscinvbit, avx, avx2, aes, erms, clmul, bmi1, bmi2, adx, sha, fma, vzeroupper, clflush, clflushopt, clwb, hv, serialize, rdtscp, rdpid, fsrm, f16c, cet_ibt, cet_ss
Processor Information for processor 0
  Max Mhz: 2300, Current Mhz: 2300, Mhz Limit: 2300
Processor Information for processor 1
  Max Mhz: 2300, Current Mhz: 1478, Mhz Limit: 2300
Processor Information for processor 2
  Max Mhz: 1800, Current Mhz: 1500, Mhz Limit: 1800
Processor Information for processor 3
  Max Mhz: 1800, Current Mhz: 1800, Mhz Limit: 1800
Processor Information for processor 4
  Max Mhz: 1800, Current Mhz: 1500, Mhz Limit: 1800
Processor Information for processor 5
  Max Mhz: 1800, Current Mhz: 1800, Mhz Limit: 1800
Processor Information for processor 6
  Max Mhz: 1800, Current Mhz: 1800, Mhz Limit: 1800
Processor Information for processor 7
  Max Mhz: 1800, Current Mhz: 1800, Mhz Limit: 1800
Processor Information for processor 8
  Max Mhz: 1800, Current Mhz: 1500, Mhz Limit: 1800
Processor Information for processor 9
  Max Mhz: 1800, Current Mhz: 1800, Mhz Limit: 1800
Processor Information for processor 10
  Max Mhz: 2300, Current Mhz: 2300, Mhz Limit: 2300
Processor Information for processor 11
  Max Mhz: 2300, Current Mhz: 1478, Mhz Limit: 2300
Processor Information for processor 12
  Max Mhz: 2300, Current Mhz: 1478, Mhz Limit: 2300
Processor Information for processor 13
  Max Mhz: 2300, Current Mhz: 1478, Mhz Limit: 2300
Processor Information for processor 14
  Max Mhz: 2300, Current Mhz: 2300, Mhz Limit: 2300
Processor Information for processor 15
  Max Mhz: 2300, Current Mhz: 1478, Mhz Limit: 2300
Processor Information for processor 16
  Max Mhz: 2300, Current Mhz: 2300, Mhz Limit: 2300
Processor Information for processor 17
  Max Mhz: 2300, Current Mhz: 1478, Mhz Limit: 2300
Processor Information for processor 18
  Max Mhz: 2300, Current Mhz: 2300, Mhz Limit: 2300
Processor Information for processor 19
  Max Mhz: 2300, Current Mhz: 2300, Mhz Limit: 2300
Processor Information for processor 20
  Max Mhz: 1000, Current Mhz: 1000, Mhz Limit: 1000
Processor Information for processor 21
  Max Mhz: 1000, Current Mhz: 1000, Mhz Limit: 1000

Memory: 4k page, system-wide physical 64956M (40750M free)
TotalPageFile size 74172M (AvailPageFile size 48071M)
current process WorkingSet (physical memory assigned to process): 741M, peak: 742M
current process commit charge ("private bytes"): 790M, peak: 1298M

vm_info: OpenJDK 64-Bit Server VM (21.0.6+7-LTS) for windows-amd64 JRE (21.0.6+7-LTS), built on 2025-01-21T00:00:00Z by "admin" with MS VC++ 17.7 (VS2022)

END.
